<?xml version="1.0" encoding="UTF-8"?>
<coverage generated="1562886941408" clover="3.2.0">
  <project timestamp="1562886941408" name="All files">
    <metrics statements="8" coveredstatements="6" conditionals="0" coveredconditionals="0" methods="5" coveredmethods="2" elements="13" coveredelements="8" complexity="0" loc="8" ncloc="8" packages="2" files="2" classes="2"/>
    <package name="infrastructure.datastore.local">
      <metrics statements="5" coveredstatements="5" conditionals="0" coveredconditionals="0" methods="2" coveredmethods="2"/>
      <file name="context-repo-impl.js" path="/Users/tanakakns/workspace/github/express-supertest/app/infrastructure/datastore/local/context-repo-impl.js">
        <metrics statements="5" coveredstatements="5" conditionals="0" coveredconditionals="0" methods="2" coveredmethods="2"/>
        <line num="3" count="1" type="stmt"/>
        <line num="4" count="1" type="stmt"/>
        <line num="9" count="4" type="stmt"/>
        <line num="13" count="5" type="stmt"/>
        <line num="17" count="1" type="stmt"/>
      </file>
    </package>
    <package name="usecase.repository">
      <metrics statements="3" coveredstatements="1" conditionals="0" coveredconditionals="0" methods="3" coveredmethods="0"/>
      <file name="context-repo.js" path="/Users/tanakakns/workspace/github/express-supertest/app/usecase/repository/context-repo.js">
        <metrics statements="3" coveredstatements="1" conditionals="0" coveredconditionals="0" methods="3" coveredmethods="0"/>
        <line num="6" count="0" type="stmt"/>
        <line num="9" count="0" type="stmt"/>
        <line num="13" count="1" type="stmt"/>
      </file>
    </package>
  </project>
</coverage>
