{"/Users/tanakakns/workspace/github/express-supertest/app/config.js": {"path":"/Users/tanakakns/workspace/github/express-supertest/app/config.js","statementMap":{"0":{"start":{"line":3,"column":0},"end":{"line":3,"column":27}},"1":{"start":{"line":5,"column":0},"end":{"line":5,"column":59}},"2":{"start":{"line":6,"column":0},"end":{"line":7,"column":59}},"3":{"start":{"line":8,"column":0},"end":{"line":8,"column":48}},"4":{"start":{"line":9,"column":0},"end":{"line":9,"column":45}}},"fnMap":{},"branchMap":{"0":{"loc":{"start":{"line":5,"column":21},"end":{"line":5,"column":58}},"type":"binary-expr","locations":[{"start":{"line":5,"column":21},"end":{"line":5,"column":43}},{"start":{"line":5,"column":47},"end":{"line":5,"column":58}}],"line":5},"1":{"loc":{"start":{"line":7,"column":2},"end":{"line":7,"column":58}},"type":"binary-expr","locations":[{"start":{"line":7,"column":2},"end":{"line":7,"column":31}},{"start":{"line":7,"column":35},"end":{"line":7,"column":58}}],"line":7},"2":{"loc":{"start":{"line":8,"column":17},"end":{"line":8,"column":47}},"type":"binary-expr","locations":[{"start":{"line":8,"column":17},"end":{"line":8,"column":35}},{"start":{"line":8,"column":39},"end":{"line":8,"column":47}}],"line":8},"3":{"loc":{"start":{"line":9,"column":19},"end":{"line":9,"column":44}},"type":"binary-expr","locations":[{"start":{"line":9,"column":19},"end":{"line":9,"column":39}},{"start":{"line":9,"column":43},"end":{"line":9,"column":44}}],"line":9}},"s":{"0":4,"1":4,"2":4,"3":4,"4":4},"f":{},"b":{"0":[4,4],"1":[4,4],"2":[4,4],"3":[4,4]},"_coverageSchema":"43e27e138ebf9cfc5966b082cf9a028302ed4184","hash":"bd23841c4c637def86d3cc062f0375a6365d590d"}
,"/Users/tanakakns/workspace/github/express-supertest/app/error.js": {"path":"/Users/tanakakns/workspace/github/express-supertest/app/error.js","statementMap":{"0":{"start":{"line":5,"column":4},"end":{"line":5,"column":13}},"1":{"start":{"line":6,"column":4},"end":{"line":6,"column":32}},"2":{"start":{"line":7,"column":4},"end":{"line":9,"column":5}},"3":{"start":{"line":8,"column":6},"end":{"line":8,"column":33}},"4":{"start":{"line":13,"column":14},"end":{"line":16,"column":1}},"5":{"start":{"line":18,"column":0},"end":{"line":21,"column":2}}},"fnMap":{"0":{"name":"(anonymous_0)","decl":{"start":{"line":4,"column":2},"end":{"line":4,"column":3}},"loc":{"start":{"line":4,"column":35},"end":{"line":10,"column":3}},"line":4}},"branchMap":{"0":{"loc":{"start":{"line":4,"column":17},"end":{"line":4,"column":33}},"type":"default-arg","locations":[{"start":{"line":4,"column":29},"end":{"line":4,"column":33}}],"line":4},"1":{"loc":{"start":{"line":7,"column":4},"end":{"line":9,"column":5}},"type":"if","locations":[{"start":{"line":7,"column":4},"end":{"line":9,"column":5}},{"start":{"line":7,"column":4},"end":{"line":9,"column":5}}],"line":7}},"s":{"0":3,"1":3,"2":3,"3":1,"4":1,"5":1},"f":{"0":3},"b":{"0":[2],"1":[1,2]},"_coverageSchema":"43e27e138ebf9cfc5966b082cf9a028302ed4184","hash":"f37d2e1252733463d6e4a30fb4fdee768d65a9eb"}
,"/Users/tanakakns/workspace/github/express-supertest/app/logger.js": {"path":"/Users/tanakakns/workspace/github/express-supertest/app/logger.js","statementMap":{"0":{"start":{"line":3,"column":16},"end":{"line":3,"column":34}},"1":{"start":{"line":4,"column":20},"end":{"line":4,"column":51}},"2":{"start":{"line":6,"column":22},"end":{"line":12,"column":2}},"3":{"start":{"line":14,"column":0},"end":{"line":23,"column":2}},"4":{"start":{"line":15,"column":15},"end":{"line":15,"column":40}},"5":{"start":{"line":16,"column":2},"end":{"line":21,"column":3}},"6":{"start":{"line":17,"column":18},"end":{"line":17,"column":42}},"7":{"start":{"line":18,"column":4},"end":{"line":18,"column":48}},"8":{"start":{"line":19,"column":4},"end":{"line":19,"column":49}},"9":{"start":{"line":20,"column":4},"end":{"line":20,"column":38}},"10":{"start":{"line":22,"column":2},"end":{"line":22,"column":16}}},"fnMap":{"0":{"name":"(anonymous_0)","decl":{"start":{"line":14,"column":20},"end":{"line":14,"column":21}},"loc":{"start":{"line":14,"column":26},"end":{"line":23,"column":1}},"line":14}},"branchMap":{"0":{"loc":{"start":{"line":16,"column":2},"end":{"line":21,"column":3}},"type":"if","locations":[{"start":{"line":16,"column":2},"end":{"line":21,"column":3}},{"start":{"line":16,"column":2},"end":{"line":21,"column":3}}],"line":16}},"s":{"0":4,"1":4,"2":4,"3":4,"4":5,"5":5,"6":5,"7":5,"8":5,"9":5,"10":5},"f":{"0":5},"b":{"0":[5,0]},"_coverageSchema":"43e27e138ebf9cfc5966b082cf9a028302ed4184","hash":"d04beb1c582aea2483479fc5fcd19d02dd1a6692"}
,"/Users/tanakakns/workspace/github/express-supertest/app/domain/token-domain.js": {"path":"/Users/tanakakns/workspace/github/express-supertest/app/domain/token-domain.js","statementMap":{"0":{"start":{"line":3,"column":12},"end":{"line":3,"column":35}},"1":{"start":{"line":4,"column":13},"end":{"line":4,"column":28}},"2":{"start":{"line":5,"column":15},"end":{"line":5,"column":35}},"3":{"start":{"line":10,"column":4},"end":{"line":10,"column":63}},"4":{"start":{"line":11,"column":4},"end":{"line":11,"column":44}},"5":{"start":{"line":14,"column":4},"end":{"line":18,"column":5}},"6":{"start":{"line":15,"column":6},"end":{"line":15,"column":46}},"7":{"start":{"line":17,"column":6},"end":{"line":17,"column":14}},"8":{"start":{"line":21,"column":4},"end":{"line":21,"column":65}},"9":{"start":{"line":24,"column":4},"end":{"line":28,"column":5}},"10":{"start":{"line":25,"column":6},"end":{"line":25,"column":52}},"11":{"start":{"line":27,"column":6},"end":{"line":27,"column":14}},"12":{"start":{"line":32,"column":0},"end":{"line":32,"column":23}}},"fnMap":{"0":{"name":"(anonymous_0)","decl":{"start":{"line":8,"column":2},"end":{"line":8,"column":3}},"loc":{"start":{"line":8,"column":16},"end":{"line":8,"column":18}},"line":8},"1":{"name":"(anonymous_1)","decl":{"start":{"line":9,"column":2},"end":{"line":9,"column":3}},"loc":{"start":{"line":9,"column":28},"end":{"line":12,"column":3}},"line":9},"2":{"name":"(anonymous_2)","decl":{"start":{"line":13,"column":2},"end":{"line":13,"column":3}},"loc":{"start":{"line":13,"column":26},"end":{"line":19,"column":3}},"line":13},"3":{"name":"(anonymous_3)","decl":{"start":{"line":20,"column":2},"end":{"line":20,"column":3}},"loc":{"start":{"line":20,"column":22},"end":{"line":22,"column":3}},"line":20},"4":{"name":"(anonymous_4)","decl":{"start":{"line":23,"column":2},"end":{"line":23,"column":3}},"loc":{"start":{"line":23,"column":27},"end":{"line":29,"column":3}},"line":23}},"branchMap":{},"s":{"0":3,"1":3,"2":3,"3":2,"4":2,"5":3,"6":3,"7":0,"8":1,"9":2,"10":2,"11":0,"12":3},"f":{"0":0,"1":2,"2":3,"3":1,"4":2},"b":{},"_coverageSchema":"43e27e138ebf9cfc5966b082cf9a028302ed4184","hash":"d0a1b6fd3db50d989f26ad74a3c0025e9cb1b526"}
,"/Users/tanakakns/workspace/github/express-supertest/app/infrastructure/datastore/dynamodb/dynamodb.js": {"path":"/Users/tanakakns/workspace/github/express-supertest/app/infrastructure/datastore/dynamodb/dynamodb.js","statementMap":{"0":{"start":{"line":3,"column":15},"end":{"line":3,"column":41}},"1":{"start":{"line":4,"column":12},"end":{"line":4,"column":30}},"2":{"start":{"line":5,"column":0},"end":{"line":8,"column":3}},"3":{"start":{"line":9,"column":17},"end":{"line":9,"column":35}},"4":{"start":{"line":10,"column":18},"end":{"line":10,"column":51}},"5":{"start":{"line":12,"column":0},"end":{"line":15,"column":1}}},"fnMap":{},"branchMap":{},"s":{"0":3,"1":3,"2":3,"3":3,"4":3,"5":3},"f":{},"b":{},"_coverageSchema":"43e27e138ebf9cfc5966b082cf9a028302ed4184","hash":"275af24d71cb9bd4d2e4d6035e5288a3163f80d0"}
,"/Users/tanakakns/workspace/github/express-supertest/app/infrastructure/datastore/dynamodb/user-repo-impl.js": {"path":"/Users/tanakakns/workspace/github/express-supertest/app/infrastructure/datastore/dynamodb/user-repo-impl.js","statementMap":{"0":{"start":{"line":3,"column":17},"end":{"line":3,"column":47}},"1":{"start":{"line":4,"column":18},"end":{"line":4,"column":49}},"2":{"start":{"line":5,"column":23},"end":{"line":5,"column":71}},"3":{"start":{"line":9,"column":4},"end":{"line":9,"column":12}},"4":{"start":{"line":10,"column":4},"end":{"line":10,"column":29}},"5":{"start":{"line":11,"column":4},"end":{"line":11,"column":31}},"6":{"start":{"line":12,"column":4},"end":{"line":12,"column":28}},"7":{"start":{"line":15,"column":19},"end":{"line":15,"column":59}},"8":{"start":{"line":16,"column":4},"end":{"line":16,"column":55}},"9":{"start":{"line":19,"column":4},"end":{"line":19,"column":76}},"10":{"start":{"line":23,"column":19},"end":{"line":28,"column":5}},"11":{"start":{"line":29,"column":4},"end":{"line":39,"column":5}},"12":{"start":{"line":30,"column":21},"end":{"line":30,"column":66}},"13":{"start":{"line":31,"column":19},"end":{"line":31,"column":21}},"14":{"start":{"line":32,"column":6},"end":{"line":35,"column":7}},"15":{"start":{"line":33,"column":8},"end":{"line":33,"column":21}},"16":{"start":{"line":34,"column":8},"end":{"line":34,"column":39}},"17":{"start":{"line":36,"column":6},"end":{"line":36,"column":18}},"18":{"start":{"line":38,"column":6},"end":{"line":38,"column":14}},"19":{"start":{"line":43,"column":19},"end":{"line":49,"column":5}},"20":{"start":{"line":50,"column":4},"end":{"line":55,"column":5}},"21":{"start":{"line":51,"column":21},"end":{"line":51,"column":66}},"22":{"start":{"line":52,"column":6},"end":{"line":52,"column":28}},"23":{"start":{"line":54,"column":6},"end":{"line":54,"column":14}},"24":{"start":{"line":59,"column":19},"end":{"line":67,"column":5}},"25":{"start":{"line":68,"column":4},"end":{"line":73,"column":5}},"26":{"start":{"line":69,"column":21},"end":{"line":69,"column":65}},"27":{"start":{"line":70,"column":6},"end":{"line":70,"column":26}},"28":{"start":{"line":72,"column":6},"end":{"line":72,"column":14}},"29":{"start":{"line":77,"column":0},"end":{"line":77,"column":36}}},"fnMap":{"0":{"name":"(anonymous_0)","decl":{"start":{"line":8,"column":2},"end":{"line":8,"column":3}},"loc":{"start":{"line":8,"column":16},"end":{"line":13,"column":3}},"line":8},"1":{"name":"(anonymous_1)","decl":{"start":{"line":14,"column":2},"end":{"line":14,"column":3}},"loc":{"start":{"line":14,"column":22},"end":{"line":17,"column":3}},"line":14},"2":{"name":"(anonymous_2)","decl":{"start":{"line":18,"column":2},"end":{"line":18,"column":3}},"loc":{"start":{"line":18,"column":22},"end":{"line":20,"column":3}},"line":18},"3":{"name":"(anonymous_3)","decl":{"start":{"line":22,"column":2},"end":{"line":22,"column":3}},"loc":{"start":{"line":22,"column":20},"end":{"line":40,"column":3}},"line":22},"4":{"name":"(anonymous_4)","decl":{"start":{"line":42,"column":2},"end":{"line":42,"column":3}},"loc":{"start":{"line":42,"column":29},"end":{"line":56,"column":3}},"line":42},"5":{"name":"(anonymous_5)","decl":{"start":{"line":58,"column":2},"end":{"line":58,"column":3}},"loc":{"start":{"line":58,"column":22},"end":{"line":74,"column":3}},"line":58}},"branchMap":{"0":{"loc":{"start":{"line":32,"column":6},"end":{"line":35,"column":7}},"type":"if","locations":[{"start":{"line":32,"column":6},"end":{"line":35,"column":7}},{"start":{"line":32,"column":6},"end":{"line":35,"column":7}}],"line":32},"1":{"loc":{"start":{"line":32,"column":10},"end":{"line":32,"column":51}},"type":"binary-expr","locations":[{"start":{"line":32,"column":10},"end":{"line":32,"column":16}},{"start":{"line":32,"column":20},"end":{"line":32,"column":31}},{"start":{"line":32,"column":35},"end":{"line":32,"column":51}}],"line":32}},"s":{"0":3,"1":3,"2":3,"3":3,"4":3,"5":3,"6":3,"7":1,"8":1,"9":0,"10":4,"11":4,"12":4,"13":4,"14":4,"15":3,"16":3,"17":4,"18":0,"19":3,"20":3,"21":3,"22":3,"23":0,"24":1,"25":1,"26":1,"27":1,"28":0,"29":3},"f":{"0":3,"1":1,"2":0,"3":4,"4":3,"5":1},"b":{"0":[3,1],"1":[4,4,3]},"_coverageSchema":"43e27e138ebf9cfc5966b082cf9a028302ed4184","hash":"e2ed5454da1ffe5dfd9d4840b44f5670c8154ef4"}
,"/Users/tanakakns/workspace/github/express-supertest/app/infrastructure/datastore/local/context-repo-impl.js": {"path":"/Users/tanakakns/workspace/github/express-supertest/app/infrastructure/datastore/local/context-repo-impl.js","statementMap":{"0":{"start":{"line":3,"column":26},"end":{"line":3,"column":77}},"1":{"start":{"line":4,"column":20},"end":{"line":4,"column":51}},"2":{"start":{"line":9,"column":4},"end":{"line":9,"column":32}},"3":{"start":{"line":13,"column":4},"end":{"line":13,"column":32}},"4":{"start":{"line":17,"column":0},"end":{"line":17,"column":39}}},"fnMap":{"0":{"name":"(anonymous_0)","decl":{"start":{"line":8,"column":2},"end":{"line":8,"column":3}},"loc":{"start":{"line":8,"column":25},"end":{"line":10,"column":3}},"line":8},"1":{"name":"(anonymous_1)","decl":{"start":{"line":12,"column":2},"end":{"line":12,"column":3}},"loc":{"start":{"line":12,"column":18},"end":{"line":14,"column":3}},"line":12}},"branchMap":{},"s":{"0":4,"1":4,"2":8,"3":9,"4":4},"f":{"0":8,"1":9},"b":{},"_coverageSchema":"43e27e138ebf9cfc5966b082cf9a028302ed4184","hash":"edfeb48bc8e2d8ddaf8f8c7fefc6b9fbd52892a3"}
,"/Users/tanakakns/workspace/github/express-supertest/app/infrastructure/datastore/mongodb/mongodb.js": {"path":"/Users/tanakakns/workspace/github/express-supertest/app/infrastructure/datastore/mongodb/mongodb.js","statementMap":{"0":{"start":{"line":3,"column":17},"end":{"line":3,"column":36}},"1":{"start":{"line":5,"column":19},"end":{"line":7,"column":2}},"2":{"start":{"line":9,"column":0},"end":{"line":9,"column":28}}},"fnMap":{},"branchMap":{},"s":{"0":1,"1":1,"2":1},"f":{},"b":{},"_coverageSchema":"43e27e138ebf9cfc5966b082cf9a028302ed4184","hash":"a249aa5dce4f0eb31f0737f9d291cce480015e26"}
,"/Users/tanakakns/workspace/github/express-supertest/app/infrastructure/datastore/mongodb/user-repo-impl.js": {"path":"/Users/tanakakns/workspace/github/express-supertest/app/infrastructure/datastore/mongodb/user-repo-impl.js","statementMap":{"0":{"start":{"line":3,"column":15},"end":{"line":3,"column":53}},"1":{"start":{"line":4,"column":23},"end":{"line":4,"column":71}},"2":{"start":{"line":5,"column":17},"end":{"line":5,"column":36}},"3":{"start":{"line":6,"column":15},"end":{"line":6,"column":30}},"4":{"start":{"line":7,"column":13},"end":{"line":7,"column":28}},"5":{"start":{"line":8,"column":19},"end":{"line":11,"column":2}},"6":{"start":{"line":12,"column":19},"end":{"line":12,"column":39}},"7":{"start":{"line":13,"column":18},"end":{"line":13,"column":54}},"8":{"start":{"line":17,"column":4},"end":{"line":17,"column":12}},"9":{"start":{"line":22,"column":4},"end":{"line":28,"column":5}},"10":{"start":{"line":23,"column":20},"end":{"line":23,"column":45}},"11":{"start":{"line":24,"column":6},"end":{"line":24,"column":32}},"12":{"start":{"line":26,"column":6},"end":{"line":26,"column":28}},"13":{"start":{"line":27,"column":6},"end":{"line":27,"column":14}},"14":{"start":{"line":33,"column":4},"end":{"line":39,"column":5}},"15":{"start":{"line":34,"column":22},"end":{"line":34,"column":49}},"16":{"start":{"line":35,"column":6},"end":{"line":35,"column":34}},"17":{"start":{"line":37,"column":6},"end":{"line":37,"column":28}},"18":{"start":{"line":38,"column":6},"end":{"line":38,"column":14}},"19":{"start":{"line":43,"column":0},"end":{"line":43,"column":36}}},"fnMap":{"0":{"name":"(anonymous_0)","decl":{"start":{"line":16,"column":2},"end":{"line":16,"column":3}},"loc":{"start":{"line":16,"column":16},"end":{"line":18,"column":3}},"line":16},"1":{"name":"(anonymous_1)","decl":{"start":{"line":21,"column":2},"end":{"line":21,"column":3}},"loc":{"start":{"line":21,"column":20},"end":{"line":29,"column":3}},"line":21},"2":{"name":"(anonymous_2)","decl":{"start":{"line":32,"column":2},"end":{"line":32,"column":3}},"loc":{"start":{"line":32,"column":25},"end":{"line":40,"column":3}},"line":32}},"branchMap":{},"s":{"0":1,"1":1,"2":1,"3":1,"4":1,"5":1,"6":1,"7":1,"8":1,"9":2,"10":2,"11":2,"12":0,"13":0,"14":1,"15":1,"16":1,"17":0,"18":0,"19":1},"f":{"0":1,"1":2,"2":1},"b":{},"_coverageSchema":"43e27e138ebf9cfc5966b082cf9a028302ed4184","hash":"59f9716202127fc2ce2f37727006c32abed0771a"}
,"/Users/tanakakns/workspace/github/express-supertest/app/infrastructure/server/express.js": {"path":"/Users/tanakakns/workspace/github/express-supertest/app/infrastructure/server/express.js","statementMap":{"0":{"start":{"line":3,"column":16},"end":{"line":3,"column":34}},"1":{"start":{"line":4,"column":20},"end":{"line":4,"column":51}},"2":{"start":{"line":5,"column":13},"end":{"line":5,"column":28}},"3":{"start":{"line":6,"column":15},"end":{"line":6,"column":48}},"4":{"start":{"line":7,"column":15},"end":{"line":7,"column":32}},"5":{"start":{"line":10,"column":12},"end":{"line":10,"column":21}},"6":{"start":{"line":11,"column":0},"end":{"line":11,"column":32}},"7":{"start":{"line":12,"column":0},"end":{"line":15,"column":3}},"8":{"start":{"line":13,"column":2},"end":{"line":13,"column":38}},"9":{"start":{"line":14,"column":2},"end":{"line":14,"column":9}},"10":{"start":{"line":16,"column":0},"end":{"line":16,"column":24}},"11":{"start":{"line":17,"column":0},"end":{"line":17,"column":47}},"12":{"start":{"line":18,"column":0},"end":{"line":18,"column":18}},"13":{"start":{"line":19,"column":0},"end":{"line":19,"column":21}},"14":{"start":{"line":21,"column":0},"end":{"line":27,"column":3}},"15":{"start":{"line":23,"column":2},"end":{"line":26,"column":11}},"16":{"start":{"line":29,"column":0},"end":{"line":34,"column":3}},"17":{"start":{"line":30,"column":2},"end":{"line":33,"column":11}},"18":{"start":{"line":35,"column":0},"end":{"line":35,"column":24}},"19":{"start":{"line":37,"column":0},"end":{"line":37,"column":21}}},"fnMap":{"0":{"name":"(anonymous_0)","decl":{"start":{"line":12,"column":8},"end":{"line":12,"column":9}},"loc":{"start":{"line":12,"column":28},"end":{"line":15,"column":1}},"line":12},"1":{"name":"(anonymous_1)","decl":{"start":{"line":21,"column":8},"end":{"line":21,"column":9}},"loc":{"start":{"line":21,"column":33},"end":{"line":27,"column":1}},"line":21},"2":{"name":"(anonymous_2)","decl":{"start":{"line":29,"column":8},"end":{"line":29,"column":9}},"loc":{"start":{"line":29,"column":28},"end":{"line":34,"column":1}},"line":29}},"branchMap":{},"s":{"0":2,"1":2,"2":2,"3":2,"4":2,"5":2,"6":2,"7":2,"8":4,"9":4,"10":2,"11":2,"12":2,"13":2,"14":2,"15":0,"16":2,"17":0,"18":2,"19":2},"f":{"0":4,"1":0,"2":0},"b":{},"_coverageSchema":"43e27e138ebf9cfc5966b082cf9a028302ed4184","hash":"3a979c74bf3f47d168d3b3db11620090bec440bd"}
,"/Users/tanakakns/workspace/github/express-supertest/app/interface/interceptor.js": {"path":"/Users/tanakakns/workspace/github/express-supertest/app/interface/interceptor.js","statementMap":{"0":{"start":{"line":4,"column":26},"end":{"line":4,"column":88}},"1":{"start":{"line":5,"column":13},"end":{"line":5,"column":28}},"2":{"start":{"line":13,"column":4},"end":{"line":13,"column":78}},"3":{"start":{"line":14,"column":4},"end":{"line":14,"column":61}},"4":{"start":{"line":15,"column":4},"end":{"line":15,"column":11}},"5":{"start":{"line":19,"column":0},"end":{"line":19,"column":29}}},"fnMap":{"0":{"name":"(anonymous_0)","decl":{"start":{"line":8,"column":2},"end":{"line":8,"column":3}},"loc":{"start":{"line":8,"column":30},"end":{"line":16,"column":3}},"line":8}},"branchMap":{},"s":{"0":2,"1":2,"2":1,"3":1,"4":1,"5":2},"f":{"0":1},"b":{},"_coverageSchema":"43e27e138ebf9cfc5966b082cf9a028302ed4184","hash":"8504105461d2f8a377f6a73a67f2ac5550323e1b"}
,"/Users/tanakakns/workspace/github/express-supertest/app/interface/router.js": {"path":"/Users/tanakakns/workspace/github/express-supertest/app/interface/router.js","statementMap":{"0":{"start":{"line":3,"column":16},"end":{"line":3,"column":34}},"1":{"start":{"line":4,"column":15},"end":{"line":4,"column":31}},"2":{"start":{"line":5,"column":20},"end":{"line":5,"column":44}},"3":{"start":{"line":6,"column":15},"end":{"line":6,"column":44}},"4":{"start":{"line":7,"column":16},"end":{"line":7,"column":46}},"5":{"start":{"line":8,"column":14},"end":{"line":8,"column":42}},"6":{"start":{"line":9,"column":15},"end":{"line":9,"column":44}},"7":{"start":{"line":11,"column":0},"end":{"line":11,"column":38}},"8":{"start":{"line":12,"column":0},"end":{"line":15,"column":3}},"9":{"start":{"line":13,"column":2},"end":{"line":13,"column":16}},"10":{"start":{"line":14,"column":2},"end":{"line":14,"column":25}},"11":{"start":{"line":17,"column":0},"end":{"line":29,"column":3}},"12":{"start":{"line":18,"column":13},"end":{"line":18,"column":24}},"13":{"start":{"line":19,"column":19},"end":{"line":19,"column":36}},"14":{"start":{"line":21,"column":2},"end":{"line":28,"column":5}},"15":{"start":{"line":23,"column":6},"end":{"line":23,"column":52}},"16":{"start":{"line":26,"column":6},"end":{"line":26,"column":36}},"17":{"start":{"line":30,"column":0},"end":{"line":30,"column":39}},"18":{"start":{"line":31,"column":0},"end":{"line":42,"column":3}},"19":{"start":{"line":32,"column":13},"end":{"line":32,"column":25}},"20":{"start":{"line":33,"column":17},"end":{"line":33,"column":41}},"21":{"start":{"line":34,"column":2},"end":{"line":41,"column":5}},"22":{"start":{"line":36,"column":6},"end":{"line":36,"column":23}},"23":{"start":{"line":39,"column":6},"end":{"line":39,"column":36}},"24":{"start":{"line":43,"column":0},"end":{"line":43,"column":39}},"25":{"start":{"line":44,"column":0},"end":{"line":56,"column":3}},"26":{"start":{"line":45,"column":13},"end":{"line":45,"column":24}},"27":{"start":{"line":46,"column":15},"end":{"line":46,"column":28}},"28":{"start":{"line":47,"column":17},"end":{"line":47,"column":47}},"29":{"start":{"line":48,"column":2},"end":{"line":55,"column":5}},"30":{"start":{"line":50,"column":6},"end":{"line":50,"column":23}},"31":{"start":{"line":53,"column":6},"end":{"line":53,"column":36}},"32":{"start":{"line":57,"column":0},"end":{"line":60,"column":3}},"33":{"start":{"line":58,"column":17},"end":{"line":58,"column":37}},"34":{"start":{"line":59,"column":2},"end":{"line":59,"column":19}},"35":{"start":{"line":62,"column":16},"end":{"line":64,"column":1}},"36":{"start":{"line":66,"column":0},"end":{"line":66,"column":24}}},"fnMap":{"0":{"name":"(anonymous_0)","decl":{"start":{"line":12,"column":20},"end":{"line":12,"column":21}},"loc":{"start":{"line":12,"column":34},"end":{"line":15,"column":1}},"line":12},"1":{"name":"(anonymous_1)","decl":{"start":{"line":17,"column":21},"end":{"line":17,"column":22}},"loc":{"start":{"line":17,"column":35},"end":{"line":29,"column":1}},"line":17},"2":{"name":"(anonymous_2)","decl":{"start":{"line":22,"column":24},"end":{"line":22,"column":25}},"loc":{"start":{"line":22,"column":30},"end":{"line":24,"column":5}},"line":22},"3":{"name":"(anonymous_3)","decl":{"start":{"line":25,"column":13},"end":{"line":25,"column":14}},"loc":{"start":{"line":25,"column":19},"end":{"line":27,"column":5}},"line":25},"4":{"name":"(anonymous_4)","decl":{"start":{"line":31,"column":20},"end":{"line":31,"column":21}},"loc":{"start":{"line":31,"column":40},"end":{"line":42,"column":1}},"line":31},"5":{"name":"(anonymous_5)","decl":{"start":{"line":35,"column":24},"end":{"line":35,"column":25}},"loc":{"start":{"line":35,"column":30},"end":{"line":37,"column":5}},"line":35},"6":{"name":"(anonymous_6)","decl":{"start":{"line":38,"column":13},"end":{"line":38,"column":14}},"loc":{"start":{"line":38,"column":19},"end":{"line":40,"column":5}},"line":38},"7":{"name":"(anonymous_7)","decl":{"start":{"line":44,"column":20},"end":{"line":44,"column":21}},"loc":{"start":{"line":44,"column":40},"end":{"line":56,"column":1}},"line":44},"8":{"name":"(anonymous_8)","decl":{"start":{"line":49,"column":24},"end":{"line":49,"column":25}},"loc":{"start":{"line":49,"column":30},"end":{"line":51,"column":5}},"line":49},"9":{"name":"(anonymous_9)","decl":{"start":{"line":52,"column":13},"end":{"line":52,"column":14}},"loc":{"start":{"line":52,"column":19},"end":{"line":54,"column":5}},"line":52},"10":{"name":"(anonymous_10)","decl":{"start":{"line":57,"column":18},"end":{"line":57,"column":19}},"loc":{"start":{"line":57,"column":38},"end":{"line":60,"column":1}},"line":57}},"branchMap":{},"s":{"0":2,"1":2,"2":2,"3":2,"4":2,"5":2,"6":2,"7":2,"8":2,"9":1,"10":1,"11":2,"12":1,"13":1,"14":1,"15":1,"16":0,"17":2,"18":2,"19":1,"20":1,"21":1,"22":1,"23":0,"24":2,"25":2,"26":1,"27":1,"28":1,"29":1,"30":1,"31":0,"32":2,"33":0,"34":0,"35":2,"36":2},"f":{"0":1,"1":1,"2":1,"3":0,"4":1,"5":1,"6":0,"7":1,"8":1,"9":0,"10":0},"b":{},"_coverageSchema":"43e27e138ebf9cfc5966b082cf9a028302ed4184","hash":"58bdd3883ac03ab71d2261d70a8c6ffe896f8cd4"}
,"/Users/tanakakns/workspace/github/express-supertest/app/interface/json-schema/user-schema.js": {"path":"/Users/tanakakns/workspace/github/express-supertest/app/interface/json-schema/user-schema.js","statementMap":{"0":{"start":{"line":1,"column":15},"end":{"line":18,"column":1}},"1":{"start":{"line":20,"column":0},"end":{"line":20,"column":24}}},"fnMap":{},"branchMap":{},"s":{"0":1,"1":1},"f":{},"b":{},"_coverageSchema":"43e27e138ebf9cfc5966b082cf9a028302ed4184","hash":"5297caaa5c30f98b059f7e699f9e33e55a842cb1"}
,"/Users/tanakakns/workspace/github/express-supertest/app/usecase/echo-uc.js": {"path":"/Users/tanakakns/workspace/github/express-supertest/app/usecase/echo-uc.js","statementMap":{"0":{"start":{"line":3,"column":15},"end":{"line":3,"column":47}},"1":{"start":{"line":4,"column":26},"end":{"line":4,"column":88}},"2":{"start":{"line":8,"column":4},"end":{"line":8,"column":32}},"3":{"start":{"line":9,"column":4},"end":{"line":9,"column":85}},"4":{"start":{"line":13,"column":0},"end":{"line":13,"column":29}}},"fnMap":{"0":{"name":"(anonymous_0)","decl":{"start":{"line":7,"column":2},"end":{"line":7,"column":3}},"loc":{"start":{"line":7,"column":16},"end":{"line":10,"column":3}},"line":7}},"branchMap":{},"s":{"0":2,"1":2,"2":1,"3":1,"4":2},"f":{"0":1},"b":{},"_coverageSchema":"43e27e138ebf9cfc5966b082cf9a028302ed4184","hash":"3f2135bb7cd91d9e7e584bf06e0f971a1ab1c4ba"}
,"/Users/tanakakns/workspace/github/express-supertest/app/usecase/pdf-uc.js": {"path":"/Users/tanakakns/workspace/github/express-supertest/app/usecase/pdf-uc.js","statementMap":{"0":{"start":{"line":3,"column":20},"end":{"line":3,"column":37}},"1":{"start":{"line":4,"column":16},"end":{"line":4,"column":35}},"2":{"start":{"line":5,"column":19},"end":{"line":5,"column":37}},"3":{"start":{"line":6,"column":11},"end":{"line":6,"column":24}},"4":{"start":{"line":7,"column":13},"end":{"line":7,"column":28}},"5":{"start":{"line":9,"column":15},"end":{"line":32,"column":1}},"6":{"start":{"line":10,"column":14},"end":{"line":10,"column":31}},"7":{"start":{"line":11,"column":18},"end":{"line":27,"column":3}},"8":{"start":{"line":12,"column":4},"end":{"line":26,"column":7}},"9":{"start":{"line":13,"column":6},"end":{"line":25,"column":7}},"10":{"start":{"line":14,"column":21},"end":{"line":14,"column":23}},"11":{"start":{"line":15,"column":8},"end":{"line":15,"column":50}},"12":{"start":{"line":16,"column":8},"end":{"line":18,"column":11}},"13":{"start":{"line":17,"column":10},"end":{"line":17,"column":27}},"14":{"start":{"line":19,"column":8},"end":{"line":21,"column":11}},"15":{"start":{"line":20,"column":10},"end":{"line":20,"column":39}},"16":{"start":{"line":22,"column":8},"end":{"line":22,"column":18}},"17":{"start":{"line":24,"column":8},"end":{"line":24,"column":18}},"18":{"start":{"line":28,"column":17},"end":{"line":28,"column":32}},"19":{"start":{"line":29,"column":20},"end":{"line":29,"column":45}},"20":{"start":{"line":30,"column":20},"end":{"line":30,"column":62}},"21":{"start":{"line":31,"column":2},"end":{"line":31,"column":19}},"22":{"start":{"line":34,"column":23},"end":{"line":72,"column":1}},"23":{"start":{"line":35,"column":16},"end":{"line":35,"column":55}},"24":{"start":{"line":36,"column":16},"end":{"line":36,"column":18}},"25":{"start":{"line":37,"column":2},"end":{"line":39,"column":3}},"26":{"start":{"line":38,"column":4},"end":{"line":38,"column":52}},"27":{"start":{"line":40,"column":15},"end":{"line":52,"column":3}},"28":{"start":{"line":54,"column":18},"end":{"line":67,"column":3}},"29":{"start":{"line":55,"column":4},"end":{"line":66,"column":7}},"30":{"start":{"line":56,"column":6},"end":{"line":65,"column":7}},"31":{"start":{"line":57,"column":8},"end":{"line":62,"column":11}},"32":{"start":{"line":58,"column":10},"end":{"line":60,"column":11}},"33":{"start":{"line":59,"column":12},"end":{"line":59,"column":22}},"34":{"start":{"line":61,"column":10},"end":{"line":61,"column":26}},"35":{"start":{"line":64,"column":8},"end":{"line":64,"column":18}},"36":{"start":{"line":68,"column":17},"end":{"line":68,"column":32}},"37":{"start":{"line":69,"column":20},"end":{"line":69,"column":45}},"38":{"start":{"line":70,"column":20},"end":{"line":70,"column":62}},"39":{"start":{"line":71,"column":2},"end":{"line":71,"column":19}},"40":{"start":{"line":74,"column":16},"end":{"line":117,"column":1}},"41":{"start":{"line":75,"column":16},"end":{"line":79,"column":3}},"42":{"start":{"line":81,"column":4},"end":{"line":81,"column":2424}},"43":{"start":{"line":82,"column":16},"end":{"line":82,"column":55}},"44":{"start":{"line":103,"column":24},"end":{"line":103,"column":26}},"45":{"start":{"line":104,"column":2},"end":{"line":106,"column":4}},"46":{"start":{"line":107,"column":2},"end":{"line":111,"column":5}},"47":{"start":{"line":112,"column":2},"end":{"line":112,"column":32}},"48":{"start":{"line":113,"column":18},"end":{"line":113,"column":39}},"49":{"start":{"line":114,"column":15},"end":{"line":114,"column":58}},"50":{"start":{"line":115,"column":2},"end":{"line":115,"column":50}},"51":{"start":{"line":116,"column":2},"end":{"line":116,"column":15}},"52":{"start":{"line":119,"column":0},"end":{"line":123,"column":2}}},"fnMap":{"0":{"name":"(anonymous_0)","decl":{"start":{"line":9,"column":15},"end":{"line":9,"column":16}},"loc":{"start":{"line":9,"column":27},"end":{"line":32,"column":1}},"line":9},"1":{"name":"(anonymous_1)","decl":{"start":{"line":11,"column":18},"end":{"line":11,"column":19}},"loc":{"start":{"line":11,"column":24},"end":{"line":27,"column":3}},"line":11},"2":{"name":"(anonymous_2)","decl":{"start":{"line":12,"column":23},"end":{"line":12,"column":24}},"loc":{"start":{"line":12,"column":44},"end":{"line":26,"column":5}},"line":12},"3":{"name":"(anonymous_3)","decl":{"start":{"line":16,"column":23},"end":{"line":16,"column":24}},"loc":{"start":{"line":16,"column":32},"end":{"line":18,"column":9}},"line":16},"4":{"name":"(anonymous_4)","decl":{"start":{"line":19,"column":22},"end":{"line":19,"column":23}},"loc":{"start":{"line":19,"column":28},"end":{"line":21,"column":9}},"line":19},"5":{"name":"(anonymous_5)","decl":{"start":{"line":34,"column":23},"end":{"line":34,"column":24}},"loc":{"start":{"line":34,"column":35},"end":{"line":72,"column":1}},"line":34},"6":{"name":"(anonymous_6)","decl":{"start":{"line":54,"column":18},"end":{"line":54,"column":19}},"loc":{"start":{"line":54,"column":24},"end":{"line":67,"column":3}},"line":54},"7":{"name":"(anonymous_7)","decl":{"start":{"line":55,"column":23},"end":{"line":55,"column":24}},"loc":{"start":{"line":55,"column":44},"end":{"line":66,"column":5}},"line":55},"8":{"name":"(anonymous_8)","decl":{"start":{"line":57,"column":42},"end":{"line":57,"column":43}},"loc":{"start":{"line":57,"column":59},"end":{"line":62,"column":9}},"line":57},"9":{"name":"(anonymous_9)","decl":{"start":{"line":74,"column":16},"end":{"line":74,"column":17}},"loc":{"start":{"line":74,"column":22},"end":{"line":117,"column":1}},"line":74}},"branchMap":{"0":{"loc":{"start":{"line":58,"column":10},"end":{"line":60,"column":11}},"type":"if","locations":[{"start":{"line":58,"column":10},"end":{"line":60,"column":11}},{"start":{"line":58,"column":10},"end":{"line":60,"column":11}}],"line":58}},"s":{"0":3,"1":3,"2":3,"3":3,"4":3,"5":3,"6":1,"7":1,"8":1,"9":1,"10":1,"11":1,"12":1,"13":61,"14":1,"15":1,"16":1,"17":0,"18":1,"19":1,"20":1,"21":1,"22":3,"23":1,"24":1,"25":1,"26":3,"27":1,"28":1,"29":1,"30":1,"31":1,"32":1,"33":0,"34":1,"35":0,"36":1,"37":1,"38":1,"39":1,"40":3,"41":1,"42":1,"43":1,"44":1,"45":1,"46":1,"47":1,"48":1,"49":1,"50":1,"51":1,"52":3},"f":{"0":1,"1":1,"2":1,"3":61,"4":1,"5":1,"6":1,"7":1,"8":1,"9":1},"b":{"0":[0,1]},"_coverageSchema":"43e27e138ebf9cfc5966b082cf9a028302ed4184","hash":"561feaa3226867805c948fe4afc003b2c2f122be"}
,"/Users/tanakakns/workspace/github/express-supertest/app/usecase/token-uc.js": {"path":"/Users/tanakakns/workspace/github/express-supertest/app/usecase/token-uc.js","statementMap":{"0":{"start":{"line":3,"column":20},"end":{"line":3,"column":53}},"1":{"start":{"line":4,"column":26},"end":{"line":4,"column":88}},"2":{"start":{"line":6,"column":13},"end":{"line":9,"column":1}},"3":{"start":{"line":8,"column":2},"end":{"line":8,"column":61}},"4":{"start":{"line":11,"column":18},"end":{"line":29,"column":1}},"5":{"start":{"line":12,"column":2},"end":{"line":28,"column":3}},"6":{"start":{"line":13,"column":4},"end":{"line":25,"column":5}},"7":{"start":{"line":17,"column":21},"end":{"line":19,"column":7}},"8":{"start":{"line":20,"column":6},"end":{"line":24,"column":7}},"9":{"start":{"line":21,"column":8},"end":{"line":21,"column":34}},"10":{"start":{"line":22,"column":8},"end":{"line":22,"column":47}},"11":{"start":{"line":23,"column":8},"end":{"line":23,"column":15}},"12":{"start":{"line":27,"column":4},"end":{"line":27,"column":20}},"13":{"start":{"line":31,"column":0},"end":{"line":34,"column":2}}},"fnMap":{"0":{"name":"(anonymous_0)","decl":{"start":{"line":6,"column":13},"end":{"line":6,"column":14}},"loc":{"start":{"line":6,"column":31},"end":{"line":9,"column":1}},"line":6},"1":{"name":"(anonymous_1)","decl":{"start":{"line":11,"column":18},"end":{"line":11,"column":19}},"loc":{"start":{"line":11,"column":38},"end":{"line":29,"column":1}},"line":11}},"branchMap":{"0":{"loc":{"start":{"line":13,"column":4},"end":{"line":25,"column":5}},"type":"if","locations":[{"start":{"line":13,"column":4},"end":{"line":25,"column":5}},{"start":{"line":13,"column":4},"end":{"line":25,"column":5}}],"line":13},"1":{"loc":{"start":{"line":14,"column":6},"end":{"line":15,"column":58}},"type":"binary-expr","locations":[{"start":{"line":14,"column":6},"end":{"line":14,"column":31}},{"start":{"line":15,"column":6},"end":{"line":15,"column":58}}],"line":14},"2":{"loc":{"start":{"line":20,"column":6},"end":{"line":24,"column":7}},"type":"if","locations":[{"start":{"line":20,"column":6},"end":{"line":24,"column":7}},{"start":{"line":20,"column":6},"end":{"line":24,"column":7}}],"line":20},"3":{"loc":{"start":{"line":20,"column":10},"end":{"line":20,"column":29}},"type":"binary-expr","locations":[{"start":{"line":20,"column":10},"end":{"line":20,"column":16}},{"start":{"line":20,"column":20},"end":{"line":20,"column":29}}],"line":20}},"s":{"0":2,"1":2,"2":2,"3":1,"4":2,"5":2,"6":2,"7":2,"8":2,"9":2,"10":2,"11":2,"12":0,"13":2},"f":{"0":1,"1":2},"b":{"0":[2,0],"1":[2,2],"2":[2,0],"3":[2,2]},"_coverageSchema":"43e27e138ebf9cfc5966b082cf9a028302ed4184","hash":"88a74043334eba3f408a91ccd996c533bd4bd34f"}
,"/Users/tanakakns/workspace/github/express-supertest/app/usecase/user-uc.js": {"path":"/Users/tanakakns/workspace/github/express-supertest/app/usecase/user-uc.js","statementMap":{"0":{"start":{"line":3,"column":23},"end":{"line":3,"column":85}},"1":{"start":{"line":4,"column":23},"end":{"line":4,"column":43}},"2":{"start":{"line":5,"column":26},"end":{"line":5,"column":88}},"3":{"start":{"line":7,"column":16},"end":{"line":11,"column":1}},"4":{"start":{"line":8,"column":2},"end":{"line":8,"column":118}},"5":{"start":{"line":9,"column":17},"end":{"line":9,"column":49}},"6":{"start":{"line":10,"column":2},"end":{"line":10,"column":16}},"7":{"start":{"line":13,"column":16},"end":{"line":16,"column":1}},"8":{"start":{"line":14,"column":2},"end":{"line":14,"column":44}},"9":{"start":{"line":15,"column":2},"end":{"line":15,"column":30}},"10":{"start":{"line":18,"column":0},"end":{"line":21,"column":2}}},"fnMap":{"0":{"name":"(anonymous_0)","decl":{"start":{"line":7,"column":16},"end":{"line":7,"column":17}},"loc":{"start":{"line":7,"column":28},"end":{"line":11,"column":1}},"line":7},"1":{"name":"(anonymous_1)","decl":{"start":{"line":13,"column":16},"end":{"line":13,"column":17}},"loc":{"start":{"line":13,"column":36},"end":{"line":16,"column":1}},"line":13}},"branchMap":{},"s":{"0":2,"1":2,"2":2,"3":2,"4":1,"5":1,"6":1,"7":2,"8":1,"9":1,"10":2},"f":{"0":1,"1":1},"b":{},"_coverageSchema":"43e27e138ebf9cfc5966b082cf9a028302ed4184","hash":"dfaafa5ac7a6cf0f40f59c91f631e18a07611ed0"}
,"/Users/tanakakns/workspace/github/express-supertest/app/usecase/repository/context-repo.js": {"path":"/Users/tanakakns/workspace/github/express-supertest/app/usecase/repository/context-repo.js","statementMap":{"0":{"start":{"line":6,"column":4},"end":{"line":6,"column":39}},"1":{"start":{"line":9,"column":4},"end":{"line":9,"column":39}},"2":{"start":{"line":13,"column":0},"end":{"line":13,"column":35}}},"fnMap":{"0":{"name":"(anonymous_0)","decl":{"start":{"line":4,"column":2},"end":{"line":4,"column":3}},"loc":{"start":{"line":4,"column":16},"end":{"line":4,"column":18}},"line":4},"1":{"name":"(anonymous_1)","decl":{"start":{"line":5,"column":2},"end":{"line":5,"column":3}},"loc":{"start":{"line":5,"column":25},"end":{"line":7,"column":3}},"line":5},"2":{"name":"(anonymous_2)","decl":{"start":{"line":8,"column":2},"end":{"line":8,"column":3}},"loc":{"start":{"line":8,"column":18},"end":{"line":10,"column":3}},"line":8}},"branchMap":{},"s":{"0":0,"1":0,"2":4},"f":{"0":0,"1":0,"2":0},"b":{},"_coverageSchema":"43e27e138ebf9cfc5966b082cf9a028302ed4184","hash":"733f8232b2e6e5f5ee08fa73644b413b2d801ccd"}
,"/Users/tanakakns/workspace/github/express-supertest/app/usecase/repository/user-repo.js": {"path":"/Users/tanakakns/workspace/github/express-supertest/app/usecase/repository/user-repo.js","statementMap":{"0":{"start":{"line":6,"column":4},"end":{"line":6,"column":39}},"1":{"start":{"line":9,"column":4},"end":{"line":9,"column":39}},"2":{"start":{"line":12,"column":4},"end":{"line":12,"column":39}},"3":{"start":{"line":16,"column":0},"end":{"line":16,"column":32}}},"fnMap":{"0":{"name":"(anonymous_0)","decl":{"start":{"line":4,"column":2},"end":{"line":4,"column":3}},"loc":{"start":{"line":4,"column":16},"end":{"line":4,"column":18}},"line":4},"1":{"name":"(anonymous_1)","decl":{"start":{"line":5,"column":2},"end":{"line":5,"column":3}},"loc":{"start":{"line":5,"column":20},"end":{"line":7,"column":3}},"line":5},"2":{"name":"(anonymous_2)","decl":{"start":{"line":8,"column":2},"end":{"line":8,"column":3}},"loc":{"start":{"line":8,"column":18},"end":{"line":10,"column":3}},"line":8},"3":{"name":"(anonymous_3)","decl":{"start":{"line":11,"column":2},"end":{"line":11,"column":3}},"loc":{"start":{"line":11,"column":21},"end":{"line":13,"column":3}},"line":11}},"branchMap":{},"s":{"0":0,"1":0,"2":0,"3":4},"f":{"0":4,"1":0,"2":0,"3":0},"b":{},"_coverageSchema":"43e27e138ebf9cfc5966b082cf9a028302ed4184","hash":"771af1721596a8c975f5c7cc7bb16c8ed259fd09"}
}
