{"total": {"lines":{"total":302,"covered":266,"skipped":0,"pct":88.08},"statements":{"total":302,"covered":266,"skipped":0,"pct":88.08},"functions":{"total":60,"covered":44,"skipped":0,"pct":73.33},"branches":{"total":40,"covered":34,"skipped":0,"pct":85}}
,"/Users/tanakakns/workspace/github/express-supertest/app/config.js": {"lines":{"total":7,"covered":7,"skipped":0,"pct":100},"functions":{"total":0,"covered":0,"skipped":0,"pct":100},"statements":{"total":7,"covered":7,"skipped":0,"pct":100},"branches":{"total":12,"covered":12,"skipped":0,"pct":100}}
,"/Users/tanakakns/workspace/github/express-supertest/app/context.js": {"lines":{"total":20,"covered":18,"skipped":0,"pct":90},"functions":{"total":5,"covered":5,"skipped":0,"pct":100},"statements":{"total":20,"covered":18,"skipped":0,"pct":90},"branches":{"total":4,"covered":2,"skipped":0,"pct":50}}
,"/Users/tanakakns/workspace/github/express-supertest/app/error.js": {"lines":{"total":6,"covered":6,"skipped":0,"pct":100},"functions":{"total":1,"covered":1,"skipped":0,"pct":100},"statements":{"total":6,"covered":6,"skipped":0,"pct":100},"branches":{"total":3,"covered":3,"skipped":0,"pct":100}}
,"/Users/tanakakns/workspace/github/express-supertest/app/logger.js": {"lines":{"total":39,"covered":28,"skipped":0,"pct":71.79},"functions":{"total":8,"covered":3,"skipped":0,"pct":37.5},"statements":{"total":39,"covered":28,"skipped":0,"pct":71.79},"branches":{"total":6,"covered":4,"skipped":0,"pct":66.67}}
,"/Users/tanakakns/workspace/github/express-supertest/app/domain/token-domain.js": {"lines":{"total":13,"covered":11,"skipped":0,"pct":84.62},"functions":{"total":5,"covered":4,"skipped":0,"pct":80},"statements":{"total":13,"covered":11,"skipped":0,"pct":84.62},"branches":{"total":0,"covered":0,"skipped":0,"pct":100}}
,"/Users/tanakakns/workspace/github/express-supertest/app/infrastructure/datastore/dynamodb/dynamodb.js": {"lines":{"total":6,"covered":6,"skipped":0,"pct":100},"functions":{"total":0,"covered":0,"skipped":0,"pct":100},"statements":{"total":6,"covered":6,"skipped":0,"pct":100},"branches":{"total":0,"covered":0,"skipped":0,"pct":100}}
,"/Users/tanakakns/workspace/github/express-supertest/app/infrastructure/datastore/dynamodb/user-repo-impl.js": {"lines":{"total":30,"covered":26,"skipped":0,"pct":86.67},"functions":{"total":6,"covered":5,"skipped":0,"pct":83.33},"statements":{"total":30,"covered":26,"skipped":0,"pct":86.67},"branches":{"total":5,"covered":5,"skipped":0,"pct":100}}
,"/Users/tanakakns/workspace/github/express-supertest/app/infrastructure/datastore/mongodb/mongodb.js": {"lines":{"total":3,"covered":3,"skipped":0,"pct":100},"functions":{"total":0,"covered":0,"skipped":0,"pct":100},"statements":{"total":3,"covered":3,"skipped":0,"pct":100},"branches":{"total":0,"covered":0,"skipped":0,"pct":100}}
,"/Users/tanakakns/workspace/github/express-supertest/app/infrastructure/datastore/mongodb/user-repo-impl.js": {"lines":{"total":20,"covered":16,"skipped":0,"pct":80},"functions":{"total":3,"covered":3,"skipped":0,"pct":100},"statements":{"total":20,"covered":16,"skipped":0,"pct":80},"branches":{"total":0,"covered":0,"skipped":0,"pct":100}}
,"/Users/tanakakns/workspace/github/express-supertest/app/infrastructure/server/express.js": {"lines":{"total":19,"covered":16,"skipped":0,"pct":84.21},"functions":{"total":2,"covered":0,"skipped":0,"pct":0},"statements":{"total":19,"covered":16,"skipped":0,"pct":84.21},"branches":{"total":0,"covered":0,"skipped":0,"pct":100}}
,"/Users/tanakakns/workspace/github/express-supertest/app/interface/interceptor.js": {"lines":{"total":22,"covered":22,"skipped":0,"pct":100},"functions":{"total":4,"covered":4,"skipped":0,"pct":100},"statements":{"total":22,"covered":22,"skipped":0,"pct":100},"branches":{"total":2,"covered":2,"skipped":0,"pct":100}}
,"/Users/tanakakns/workspace/github/express-supertest/app/interface/router.js": {"lines":{"total":37,"covered":32,"skipped":0,"pct":86.49},"functions":{"total":11,"covered":7,"skipped":0,"pct":63.64},"statements":{"total":37,"covered":32,"skipped":0,"pct":86.49},"branches":{"total":0,"covered":0,"skipped":0,"pct":100}}
,"/Users/tanakakns/workspace/github/express-supertest/app/usecase/echo-uc.js": {"lines":{"total":5,"covered":5,"skipped":0,"pct":100},"functions":{"total":1,"covered":1,"skipped":0,"pct":100},"statements":{"total":5,"covered":5,"skipped":0,"pct":100},"branches":{"total":0,"covered":0,"skipped":0,"pct":100}}
,"/Users/tanakakns/workspace/github/express-supertest/app/usecase/token-uc.js": {"lines":{"total":14,"covered":13,"skipped":0,"pct":92.86},"functions":{"total":2,"covered":2,"skipped":0,"pct":100},"statements":{"total":14,"covered":13,"skipped":0,"pct":92.86},"branches":{"total":8,"covered":6,"skipped":0,"pct":75}}
,"/Users/tanakakns/workspace/github/express-supertest/app/usecase/user-uc.js": {"lines":{"total":9,"covered":9,"skipped":0,"pct":100},"functions":{"total":2,"covered":2,"skipped":0,"pct":100},"statements":{"total":9,"covered":9,"skipped":0,"pct":100},"branches":{"total":0,"covered":0,"skipped":0,"pct":100}}
,"/Users/tanakakns/workspace/github/express-supertest/app/usecase/view-uc.js": {"lines":{"total":46,"covered":45,"skipped":0,"pct":97.83},"functions":{"total":6,"covered":6,"skipped":0,"pct":100},"statements":{"total":46,"covered":45,"skipped":0,"pct":97.83},"branches":{"total":0,"covered":0,"skipped":0,"pct":100}}
,"/Users/tanakakns/workspace/github/express-supertest/app/usecase/repository/user-repo.js": {"lines":{"total":4,"covered":1,"skipped":0,"pct":25},"functions":{"total":4,"covered":1,"skipped":0,"pct":25},"statements":{"total":4,"covered":1,"skipped":0,"pct":25},"branches":{"total":0,"covered":0,"skipped":0,"pct":100}}
,"/Users/tanakakns/workspace/github/express-supertest/json-schema/user-schema.js": {"lines":{"total":2,"covered":2,"skipped":0,"pct":100},"functions":{"total":0,"covered":0,"skipped":0,"pct":100},"statements":{"total":2,"covered":2,"skipped":0,"pct":100},"branches":{"total":0,"covered":0,"skipped":0,"pct":100}}
}
