{"/Users/tanakakns/workspace/github/express-supertest/app/config.js": {"path":"/Users/tanakakns/workspace/github/express-supertest/app/config.js","statementMap":{"0":{"start":{"line":3,"column":0},"end":{"line":3,"column":48}},"1":{"start":{"line":4,"column":0},"end":{"line":4,"column":45}}},"fnMap":{},"branchMap":{"0":{"loc":{"start":{"line":3,"column":17},"end":{"line":3,"column":47}},"type":"binary-expr","locations":[{"start":{"line":3,"column":17},"end":{"line":3,"column":35}},{"start":{"line":3,"column":39},"end":{"line":3,"column":47}}],"line":3},"1":{"loc":{"start":{"line":4,"column":19},"end":{"line":4,"column":44}},"type":"binary-expr","locations":[{"start":{"line":4,"column":19},"end":{"line":4,"column":39}},{"start":{"line":4,"column":43},"end":{"line":4,"column":44}}],"line":4}},"s":{"0":2,"1":2},"f":{},"b":{"0":[2,2],"1":[2,2]},"_coverageSchema":"43e27e138ebf9cfc5966b082cf9a028302ed4184","hash":"b5ab2dba965b7211064c3abf4758c182250194d9"}
,"/Users/tanakakns/workspace/github/express-supertest/app/logger.js": {"path":"/Users/tanakakns/workspace/github/express-supertest/app/logger.js","statementMap":{"0":{"start":{"line":3,"column":16},"end":{"line":3,"column":34}},"1":{"start":{"line":4,"column":20},"end":{"line":4,"column":51}},"2":{"start":{"line":6,"column":22},"end":{"line":11,"column":2}},"3":{"start":{"line":14,"column":20},"end":{"line":20,"column":1}},"4":{"start":{"line":15,"column":20},"end":{"line":15,"column":48}},"5":{"start":{"line":16,"column":4},"end":{"line":18,"column":5}},"6":{"start":{"line":17,"column":6},"end":{"line":17,"column":36}},"7":{"start":{"line":19,"column":4},"end":{"line":19,"column":19}},"8":{"start":{"line":22,"column":13},"end":{"line":44,"column":1}},"9":{"start":{"line":24,"column":8},"end":{"line":24,"column":63}},"10":{"start":{"line":27,"column":8},"end":{"line":27,"column":52}},"11":{"start":{"line":30,"column":8},"end":{"line":30,"column":51}},"12":{"start":{"line":33,"column":8},"end":{"line":33,"column":54}},"13":{"start":{"line":36,"column":8},"end":{"line":36,"column":51}},"14":{"start":{"line":39,"column":8},"end":{"line":39,"column":52}},"15":{"start":{"line":42,"column":8},"end":{"line":42,"column":52}},"16":{"start":{"line":46,"column":0},"end":{"line":46,"column":24}}},"fnMap":{"0":{"name":"(anonymous_0)","decl":{"start":{"line":14,"column":20},"end":{"line":14,"column":21}},"loc":{"start":{"line":14,"column":38},"end":{"line":20,"column":1}},"line":14},"1":{"name":"(anonymous_1)","decl":{"start":{"line":23,"column":9},"end":{"line":23,"column":10}},"loc":{"start":{"line":23,"column":47},"end":{"line":25,"column":5}},"line":23},"2":{"name":"(anonymous_2)","decl":{"start":{"line":26,"column":11},"end":{"line":26,"column":12}},"loc":{"start":{"line":26,"column":29},"end":{"line":28,"column":5}},"line":26},"3":{"name":"(anonymous_3)","decl":{"start":{"line":29,"column":10},"end":{"line":29,"column":11}},"loc":{"start":{"line":29,"column":28},"end":{"line":31,"column":5}},"line":29},"4":{"name":"(anonymous_4)","decl":{"start":{"line":32,"column":13},"end":{"line":32,"column":14}},"loc":{"start":{"line":32,"column":31},"end":{"line":34,"column":5}},"line":32},"5":{"name":"(anonymous_5)","decl":{"start":{"line":35,"column":10},"end":{"line":35,"column":11}},"loc":{"start":{"line":35,"column":28},"end":{"line":37,"column":5}},"line":35},"6":{"name":"(anonymous_6)","decl":{"start":{"line":38,"column":11},"end":{"line":38,"column":12}},"loc":{"start":{"line":38,"column":29},"end":{"line":40,"column":5}},"line":38},"7":{"name":"(anonymous_7)","decl":{"start":{"line":41,"column":11},"end":{"line":41,"column":12}},"loc":{"start":{"line":41,"column":29},"end":{"line":43,"column":5}},"line":41}},"branchMap":{"0":{"loc":{"start":{"line":16,"column":4},"end":{"line":18,"column":5}},"type":"if","locations":[{"start":{"line":16,"column":4},"end":{"line":18,"column":5}},{"start":{"line":16,"column":4},"end":{"line":18,"column":5}}],"line":16},"1":{"loc":{"start":{"line":23,"column":34},"end":{"line":23,"column":45}},"type":"default-arg","locations":[{"start":{"line":23,"column":41},"end":{"line":23,"column":45}}],"line":23}},"s":{"0":2,"1":2,"2":2,"3":2,"4":4,"5":4,"6":1,"7":3,"8":2,"9":3,"10":1,"11":0,"12":0,"13":0,"14":0,"15":0,"16":2},"f":{"0":4,"1":3,"2":1,"3":0,"4":0,"5":0,"6":0,"7":0},"b":{"0":[1,3],"1":[3]},"_coverageSchema":"43e27e138ebf9cfc5966b082cf9a028302ed4184","hash":"cf304530ea6ee4cb5a00726202d86f2eee74a02d"}
,"/Users/tanakakns/workspace/github/express-supertest/app/domain/token-domain.js": {"path":"/Users/tanakakns/workspace/github/express-supertest/app/domain/token-domain.js","statementMap":{"0":{"start":{"line":3,"column":12},"end":{"line":3,"column":35}},"1":{"start":{"line":4,"column":13},"end":{"line":4,"column":28}},"2":{"start":{"line":5,"column":15},"end":{"line":5,"column":35}},"3":{"start":{"line":10,"column":4},"end":{"line":10,"column":63}},"4":{"start":{"line":11,"column":4},"end":{"line":11,"column":44}},"5":{"start":{"line":14,"column":4},"end":{"line":18,"column":5}},"6":{"start":{"line":15,"column":6},"end":{"line":15,"column":46}},"7":{"start":{"line":17,"column":6},"end":{"line":17,"column":14}},"8":{"start":{"line":21,"column":4},"end":{"line":21,"column":67}},"9":{"start":{"line":24,"column":4},"end":{"line":28,"column":5}},"10":{"start":{"line":25,"column":6},"end":{"line":25,"column":52}},"11":{"start":{"line":27,"column":6},"end":{"line":27,"column":14}},"12":{"start":{"line":32,"column":0},"end":{"line":32,"column":23}}},"fnMap":{"0":{"name":"(anonymous_0)","decl":{"start":{"line":8,"column":2},"end":{"line":8,"column":3}},"loc":{"start":{"line":8,"column":16},"end":{"line":8,"column":18}},"line":8},"1":{"name":"(anonymous_1)","decl":{"start":{"line":9,"column":2},"end":{"line":9,"column":3}},"loc":{"start":{"line":9,"column":28},"end":{"line":12,"column":3}},"line":9},"2":{"name":"(anonymous_2)","decl":{"start":{"line":13,"column":2},"end":{"line":13,"column":3}},"loc":{"start":{"line":13,"column":26},"end":{"line":19,"column":3}},"line":13},"3":{"name":"(anonymous_3)","decl":{"start":{"line":20,"column":2},"end":{"line":20,"column":3}},"loc":{"start":{"line":20,"column":22},"end":{"line":22,"column":3}},"line":20},"4":{"name":"(anonymous_4)","decl":{"start":{"line":23,"column":2},"end":{"line":23,"column":3}},"loc":{"start":{"line":23,"column":27},"end":{"line":29,"column":3}},"line":23}},"branchMap":{},"s":{"0":2,"1":2,"2":2,"3":2,"4":2,"5":3,"6":3,"7":0,"8":1,"9":2,"10":2,"11":0,"12":2},"f":{"0":0,"1":2,"2":3,"3":1,"4":2},"b":{},"_coverageSchema":"43e27e138ebf9cfc5966b082cf9a028302ed4184","hash":"32ddd01dd1e49bb701ec5163c569d18cdaac5415"}
,"/Users/tanakakns/workspace/github/express-supertest/app/infrastructure/datastore/dynamodb/user-repo-impl.js": {"path":"/Users/tanakakns/workspace/github/express-supertest/app/infrastructure/datastore/dynamodb/user-repo-impl.js","statementMap":{"0":{"start":{"line":3,"column":12},"end":{"line":3,"column":30}},"1":{"start":{"line":4,"column":0},"end":{"line":9,"column":3}},"2":{"start":{"line":10,"column":17},"end":{"line":10,"column":35}},"3":{"start":{"line":11,"column":23},"end":{"line":11,"column":71}},"4":{"start":{"line":15,"column":4},"end":{"line":15,"column":12}},"5":{"start":{"line":16,"column":4},"end":{"line":16,"column":29}},"6":{"start":{"line":17,"column":4},"end":{"line":17,"column":28}},"7":{"start":{"line":20,"column":19},"end":{"line":38,"column":5}},"8":{"start":{"line":39,"column":4},"end":{"line":39,"column":55}},"9":{"start":{"line":42,"column":4},"end":{"line":42,"column":78}},"10":{"start":{"line":46,"column":19},"end":{"line":51,"column":5}},"11":{"start":{"line":52,"column":4},"end":{"line":62,"column":5}},"12":{"start":{"line":53,"column":21},"end":{"line":53,"column":66}},"13":{"start":{"line":54,"column":19},"end":{"line":54,"column":21}},"14":{"start":{"line":55,"column":6},"end":{"line":58,"column":7}},"15":{"start":{"line":56,"column":8},"end":{"line":56,"column":21}},"16":{"start":{"line":57,"column":8},"end":{"line":57,"column":39}},"17":{"start":{"line":59,"column":6},"end":{"line":59,"column":18}},"18":{"start":{"line":61,"column":6},"end":{"line":61,"column":14}},"19":{"start":{"line":66,"column":19},"end":{"line":72,"column":5}},"20":{"start":{"line":73,"column":4},"end":{"line":78,"column":5}},"21":{"start":{"line":74,"column":21},"end":{"line":74,"column":66}},"22":{"start":{"line":75,"column":6},"end":{"line":75,"column":28}},"23":{"start":{"line":77,"column":6},"end":{"line":77,"column":14}},"24":{"start":{"line":82,"column":0},"end":{"line":82,"column":36}}},"fnMap":{"0":{"name":"(anonymous_0)","decl":{"start":{"line":14,"column":2},"end":{"line":14,"column":3}},"loc":{"start":{"line":14,"column":16},"end":{"line":18,"column":3}},"line":14},"1":{"name":"(anonymous_1)","decl":{"start":{"line":19,"column":2},"end":{"line":19,"column":3}},"loc":{"start":{"line":19,"column":22},"end":{"line":40,"column":3}},"line":19},"2":{"name":"(anonymous_2)","decl":{"start":{"line":41,"column":2},"end":{"line":41,"column":3}},"loc":{"start":{"line":41,"column":22},"end":{"line":43,"column":3}},"line":41},"3":{"name":"(anonymous_3)","decl":{"start":{"line":45,"column":2},"end":{"line":45,"column":3}},"loc":{"start":{"line":45,"column":20},"end":{"line":63,"column":3}},"line":45},"4":{"name":"(anonymous_4)","decl":{"start":{"line":65,"column":2},"end":{"line":65,"column":3}},"loc":{"start":{"line":65,"column":29},"end":{"line":79,"column":3}},"line":65}},"branchMap":{"0":{"loc":{"start":{"line":55,"column":6},"end":{"line":58,"column":7}},"type":"if","locations":[{"start":{"line":55,"column":6},"end":{"line":58,"column":7}},{"start":{"line":55,"column":6},"end":{"line":58,"column":7}}],"line":55},"1":{"loc":{"start":{"line":55,"column":10},"end":{"line":55,"column":51}},"type":"binary-expr","locations":[{"start":{"line":55,"column":10},"end":{"line":55,"column":16}},{"start":{"line":55,"column":20},"end":{"line":55,"column":31}},{"start":{"line":55,"column":35},"end":{"line":55,"column":51}}],"line":55}},"s":{"0":2,"1":2,"2":2,"3":2,"4":2,"5":2,"6":2,"7":1,"8":1,"9":0,"10":4,"11":4,"12":4,"13":4,"14":4,"15":3,"16":3,"17":4,"18":0,"19":3,"20":3,"21":3,"22":3,"23":0,"24":2},"f":{"0":2,"1":1,"2":0,"3":4,"4":3},"b":{"0":[3,1],"1":[4,4,3]},"_coverageSchema":"43e27e138ebf9cfc5966b082cf9a028302ed4184","hash":"96364992dce93191faa854d9eb8c7585cff5afed"}
,"/Users/tanakakns/workspace/github/express-supertest/app/infrastructure/datastore/mongodb/mongodb.js": {"path":"/Users/tanakakns/workspace/github/express-supertest/app/infrastructure/datastore/mongodb/mongodb.js","statementMap":{"0":{"start":{"line":3,"column":17},"end":{"line":3,"column":36}},"1":{"start":{"line":4,"column":15},"end":{"line":4,"column":30}},"2":{"start":{"line":7,"column":19},"end":{"line":9,"column":2}},"3":{"start":{"line":11,"column":19},"end":{"line":11,"column":78}},"4":{"start":{"line":13,"column":0},"end":{"line":13,"column":52}}},"fnMap":{},"branchMap":{},"s":{"0":1,"1":1,"2":1,"3":1,"4":1},"f":{},"b":{},"_coverageSchema":"43e27e138ebf9cfc5966b082cf9a028302ed4184","hash":"0bb989880bd7632561d77e5f59878927c4b6e2d2"}
,"/Users/tanakakns/workspace/github/express-supertest/app/infrastructure/datastore/mongodb/user-repo-impl.js": {"path":"/Users/tanakakns/workspace/github/express-supertest/app/infrastructure/datastore/mongodb/user-repo-impl.js","statementMap":{"0":{"start":{"line":3,"column":15},"end":{"line":3,"column":41}},"1":{"start":{"line":4,"column":23},"end":{"line":4,"column":71}},"2":{"start":{"line":5,"column":18},"end":{"line":5,"column":43}},"3":{"start":{"line":6,"column":16},"end":{"line":6,"column":31}},"4":{"start":{"line":10,"column":4},"end":{"line":10,"column":12}},"5":{"start":{"line":11,"column":4},"end":{"line":11,"column":27}},"6":{"start":{"line":16,"column":19},"end":{"line":18,"column":5}},"7":{"start":{"line":19,"column":4},"end":{"line":27,"column":7}},"8":{"start":{"line":20,"column":6},"end":{"line":26,"column":7}},"9":{"start":{"line":21,"column":23},"end":{"line":21,"column":51}},"10":{"start":{"line":22,"column":8},"end":{"line":22,"column":24}},"11":{"start":{"line":24,"column":8},"end":{"line":24,"column":30}},"12":{"start":{"line":25,"column":8},"end":{"line":25,"column":18}},"13":{"start":{"line":32,"column":19},"end":{"line":34,"column":5}},"14":{"start":{"line":35,"column":4},"end":{"line":43,"column":7}},"15":{"start":{"line":36,"column":6},"end":{"line":42,"column":7}},"16":{"start":{"line":37,"column":23},"end":{"line":37,"column":54}},"17":{"start":{"line":38,"column":8},"end":{"line":38,"column":24}},"18":{"start":{"line":40,"column":8},"end":{"line":40,"column":30}},"19":{"start":{"line":41,"column":8},"end":{"line":41,"column":18}},"20":{"start":{"line":47,"column":0},"end":{"line":47,"column":36}}},"fnMap":{"0":{"name":"(anonymous_0)","decl":{"start":{"line":9,"column":2},"end":{"line":9,"column":3}},"loc":{"start":{"line":9,"column":16},"end":{"line":12,"column":3}},"line":9},"1":{"name":"(anonymous_1)","decl":{"start":{"line":15,"column":2},"end":{"line":15,"column":3}},"loc":{"start":{"line":15,"column":20},"end":{"line":28,"column":3}},"line":15},"2":{"name":"(anonymous_2)","decl":{"start":{"line":19,"column":23},"end":{"line":19,"column":24}},"loc":{"start":{"line":19,"column":50},"end":{"line":27,"column":5}},"line":19},"3":{"name":"(anonymous_3)","decl":{"start":{"line":31,"column":2},"end":{"line":31,"column":3}},"loc":{"start":{"line":31,"column":25},"end":{"line":44,"column":3}},"line":31},"4":{"name":"(anonymous_4)","decl":{"start":{"line":35,"column":23},"end":{"line":35,"column":24}},"loc":{"start":{"line":35,"column":50},"end":{"line":43,"column":5}},"line":35}},"branchMap":{},"s":{"0":1,"1":1,"2":1,"3":1,"4":1,"5":1,"6":2,"7":2,"8":2,"9":2,"10":1,"11":1,"12":1,"13":1,"14":1,"15":1,"16":1,"17":1,"18":0,"19":0,"20":1},"f":{"0":1,"1":2,"2":2,"3":1,"4":1},"b":{},"_coverageSchema":"43e27e138ebf9cfc5966b082cf9a028302ed4184","hash":"6504eb032bb5dfd8c0b54a2a7a4ec1e8bcf5eace"}
,"/Users/tanakakns/workspace/github/express-supertest/app/infrastructure/server/express.js": {"path":"/Users/tanakakns/workspace/github/express-supertest/app/infrastructure/server/express.js","statementMap":{"0":{"start":{"line":3,"column":16},"end":{"line":3,"column":34}},"1":{"start":{"line":4,"column":20},"end":{"line":4,"column":51}},"2":{"start":{"line":5,"column":13},"end":{"line":5,"column":28}},"3":{"start":{"line":6,"column":23},"end":{"line":6,"column":49}},"4":{"start":{"line":7,"column":15},"end":{"line":7,"column":48}},"5":{"start":{"line":8,"column":15},"end":{"line":8,"column":32}},"6":{"start":{"line":9,"column":15},"end":{"line":9,"column":38}},"7":{"start":{"line":11,"column":12},"end":{"line":11,"column":21}},"8":{"start":{"line":12,"column":0},"end":{"line":12,"column":32}},"9":{"start":{"line":13,"column":0},"end":{"line":16,"column":3}},"10":{"start":{"line":14,"column":2},"end":{"line":14,"column":40}},"11":{"start":{"line":15,"column":2},"end":{"line":15,"column":9}},"12":{"start":{"line":17,"column":0},"end":{"line":17,"column":24}},"13":{"start":{"line":18,"column":0},"end":{"line":18,"column":49}},"14":{"start":{"line":19,"column":0},"end":{"line":19,"column":60}},"15":{"start":{"line":20,"column":0},"end":{"line":20,"column":18}},"16":{"start":{"line":21,"column":0},"end":{"line":21,"column":21}},"17":{"start":{"line":23,"column":0},"end":{"line":26,"column":3}},"18":{"start":{"line":24,"column":2},"end":{"line":24,"column":26}},"19":{"start":{"line":25,"column":2},"end":{"line":25,"column":68}},"20":{"start":{"line":28,"column":0},"end":{"line":30,"column":3}},"21":{"start":{"line":29,"column":2},"end":{"line":29,"column":56}},"22":{"start":{"line":31,"column":0},"end":{"line":31,"column":24}},"23":{"start":{"line":33,"column":0},"end":{"line":33,"column":21}}},"fnMap":{"0":{"name":"(anonymous_0)","decl":{"start":{"line":13,"column":8},"end":{"line":13,"column":9}},"loc":{"start":{"line":13,"column":28},"end":{"line":16,"column":1}},"line":13},"1":{"name":"(anonymous_1)","decl":{"start":{"line":23,"column":8},"end":{"line":23,"column":9}},"loc":{"start":{"line":23,"column":33},"end":{"line":26,"column":1}},"line":23},"2":{"name":"(anonymous_2)","decl":{"start":{"line":28,"column":8},"end":{"line":28,"column":9}},"loc":{"start":{"line":28,"column":28},"end":{"line":30,"column":1}},"line":28}},"branchMap":{},"s":{"0":1,"1":1,"2":1,"3":1,"4":1,"5":1,"6":1,"7":1,"8":1,"9":1,"10":3,"11":3,"12":1,"13":1,"14":1,"15":1,"16":1,"17":1,"18":0,"19":0,"20":1,"21":0,"22":1,"23":1},"f":{"0":3,"1":0,"2":0},"b":{},"_coverageSchema":"43e27e138ebf9cfc5966b082cf9a028302ed4184","hash":"a2003fd9f8dd535af0fc355a326755926e835527"}
,"/Users/tanakakns/workspace/github/express-supertest/app/interface/router.js": {"path":"/Users/tanakakns/workspace/github/express-supertest/app/interface/router.js","statementMap":{"0":{"start":{"line":3,"column":16},"end":{"line":3,"column":34}},"1":{"start":{"line":4,"column":15},"end":{"line":4,"column":31}},"2":{"start":{"line":5,"column":15},"end":{"line":5,"column":44}},"3":{"start":{"line":6,"column":16},"end":{"line":6,"column":46}},"4":{"start":{"line":7,"column":13},"end":{"line":7,"column":41}},"5":{"start":{"line":9,"column":0},"end":{"line":21,"column":3}},"6":{"start":{"line":10,"column":13},"end":{"line":10,"column":24}},"7":{"start":{"line":11,"column":19},"end":{"line":11,"column":36}},"8":{"start":{"line":13,"column":2},"end":{"line":20,"column":5}},"9":{"start":{"line":15,"column":6},"end":{"line":15,"column":54}},"10":{"start":{"line":18,"column":6},"end":{"line":18,"column":36}},"11":{"start":{"line":22,"column":0},"end":{"line":22,"column":39}},"12":{"start":{"line":23,"column":0},"end":{"line":34,"column":3}},"13":{"start":{"line":24,"column":13},"end":{"line":24,"column":25}},"14":{"start":{"line":25,"column":17},"end":{"line":25,"column":41}},"15":{"start":{"line":26,"column":2},"end":{"line":33,"column":5}},"16":{"start":{"line":28,"column":6},"end":{"line":28,"column":23}},"17":{"start":{"line":31,"column":6},"end":{"line":31,"column":36}},"18":{"start":{"line":35,"column":0},"end":{"line":35,"column":39}},"19":{"start":{"line":36,"column":0},"end":{"line":48,"column":3}},"20":{"start":{"line":37,"column":13},"end":{"line":37,"column":24}},"21":{"start":{"line":38,"column":15},"end":{"line":38,"column":28}},"22":{"start":{"line":39,"column":17},"end":{"line":39,"column":47}},"23":{"start":{"line":40,"column":2},"end":{"line":47,"column":5}},"24":{"start":{"line":42,"column":6},"end":{"line":42,"column":23}},"25":{"start":{"line":45,"column":6},"end":{"line":45,"column":36}},"26":{"start":{"line":49,"column":0},"end":{"line":52,"column":3}},"27":{"start":{"line":50,"column":17},"end":{"line":50,"column":37}},"28":{"start":{"line":51,"column":2},"end":{"line":51,"column":19}},"29":{"start":{"line":54,"column":16},"end":{"line":56,"column":1}},"30":{"start":{"line":58,"column":0},"end":{"line":58,"column":24}}},"fnMap":{"0":{"name":"(anonymous_0)","decl":{"start":{"line":9,"column":21},"end":{"line":9,"column":22}},"loc":{"start":{"line":9,"column":35},"end":{"line":21,"column":1}},"line":9},"1":{"name":"(anonymous_1)","decl":{"start":{"line":14,"column":24},"end":{"line":14,"column":25}},"loc":{"start":{"line":14,"column":30},"end":{"line":16,"column":5}},"line":14},"2":{"name":"(anonymous_2)","decl":{"start":{"line":17,"column":15},"end":{"line":17,"column":16}},"loc":{"start":{"line":17,"column":21},"end":{"line":19,"column":5}},"line":17},"3":{"name":"(anonymous_3)","decl":{"start":{"line":23,"column":20},"end":{"line":23,"column":21}},"loc":{"start":{"line":23,"column":40},"end":{"line":34,"column":1}},"line":23},"4":{"name":"(anonymous_4)","decl":{"start":{"line":27,"column":24},"end":{"line":27,"column":25}},"loc":{"start":{"line":27,"column":30},"end":{"line":29,"column":5}},"line":27},"5":{"name":"(anonymous_5)","decl":{"start":{"line":30,"column":15},"end":{"line":30,"column":16}},"loc":{"start":{"line":30,"column":21},"end":{"line":32,"column":5}},"line":30},"6":{"name":"(anonymous_6)","decl":{"start":{"line":36,"column":20},"end":{"line":36,"column":21}},"loc":{"start":{"line":36,"column":40},"end":{"line":48,"column":1}},"line":36},"7":{"name":"(anonymous_7)","decl":{"start":{"line":41,"column":24},"end":{"line":41,"column":25}},"loc":{"start":{"line":41,"column":30},"end":{"line":43,"column":5}},"line":41},"8":{"name":"(anonymous_8)","decl":{"start":{"line":44,"column":15},"end":{"line":44,"column":16}},"loc":{"start":{"line":44,"column":21},"end":{"line":46,"column":5}},"line":44},"9":{"name":"(anonymous_9)","decl":{"start":{"line":49,"column":18},"end":{"line":49,"column":19}},"loc":{"start":{"line":49,"column":39},"end":{"line":52,"column":1}},"line":49}},"branchMap":{},"s":{"0":1,"1":1,"2":1,"3":1,"4":1,"5":1,"6":1,"7":1,"8":1,"9":1,"10":0,"11":1,"12":1,"13":1,"14":1,"15":1,"16":1,"17":0,"18":1,"19":1,"20":1,"21":1,"22":1,"23":1,"24":1,"25":0,"26":1,"27":0,"28":0,"29":1,"30":1},"f":{"0":1,"1":1,"2":0,"3":1,"4":1,"5":0,"6":1,"7":1,"8":0,"9":0},"b":{},"_coverageSchema":"43e27e138ebf9cfc5966b082cf9a028302ed4184","hash":"c5ae44e3bfde494f1c610899ebe28bcc57618c30"}
,"/Users/tanakakns/workspace/github/express-supertest/app/interface/json-schema/user-schema.js": {"path":"/Users/tanakakns/workspace/github/express-supertest/app/interface/json-schema/user-schema.js","statementMap":{"0":{"start":{"line":1,"column":15},"end":{"line":18,"column":1}},"1":{"start":{"line":20,"column":0},"end":{"line":20,"column":24}}},"fnMap":{},"branchMap":{},"s":{"0":1,"1":1},"f":{},"b":{},"_coverageSchema":"43e27e138ebf9cfc5966b082cf9a028302ed4184","hash":"5297caaa5c30f98b059f7e699f9e33e55a842cb1"}
,"/Users/tanakakns/workspace/github/express-supertest/app/usecase/pdf-uc.js": {"path":"/Users/tanakakns/workspace/github/express-supertest/app/usecase/pdf-uc.js","statementMap":{"0":{"start":{"line":3,"column":20},"end":{"line":3,"column":37}},"1":{"start":{"line":4,"column":16},"end":{"line":4,"column":35}},"2":{"start":{"line":5,"column":19},"end":{"line":5,"column":37}},"3":{"start":{"line":6,"column":22},"end":{"line":6,"column":48}},"4":{"start":{"line":7,"column":11},"end":{"line":7,"column":24}},"5":{"start":{"line":8,"column":13},"end":{"line":8,"column":28}},"6":{"start":{"line":10,"column":15},"end":{"line":35,"column":1}},"7":{"start":{"line":11,"column":14},"end":{"line":11,"column":31}},"8":{"start":{"line":12,"column":18},"end":{"line":30,"column":3}},"9":{"start":{"line":13,"column":4},"end":{"line":29,"column":7}},"10":{"start":{"line":14,"column":6},"end":{"line":28,"column":7}},"11":{"start":{"line":15,"column":21},"end":{"line":15,"column":23}},"12":{"start":{"line":16,"column":8},"end":{"line":18,"column":34}},"13":{"start":{"line":19,"column":8},"end":{"line":21,"column":11}},"14":{"start":{"line":20,"column":10},"end":{"line":20,"column":27}},"15":{"start":{"line":22,"column":8},"end":{"line":24,"column":11}},"16":{"start":{"line":23,"column":10},"end":{"line":23,"column":39}},"17":{"start":{"line":25,"column":8},"end":{"line":25,"column":18}},"18":{"start":{"line":27,"column":8},"end":{"line":27,"column":18}},"19":{"start":{"line":31,"column":17},"end":{"line":31,"column":32}},"20":{"start":{"line":32,"column":20},"end":{"line":32,"column":45}},"21":{"start":{"line":33,"column":20},"end":{"line":33,"column":62}},"22":{"start":{"line":34,"column":2},"end":{"line":34,"column":19}},"23":{"start":{"line":37,"column":23},"end":{"line":79,"column":1}},"24":{"start":{"line":38,"column":16},"end":{"line":42,"column":3}},"25":{"start":{"line":43,"column":16},"end":{"line":43,"column":18}},"26":{"start":{"line":44,"column":2},"end":{"line":46,"column":3}},"27":{"start":{"line":45,"column":4},"end":{"line":45,"column":52}},"28":{"start":{"line":47,"column":15},"end":{"line":59,"column":3}},"29":{"start":{"line":61,"column":18},"end":{"line":74,"column":3}},"30":{"start":{"line":62,"column":4},"end":{"line":73,"column":7}},"31":{"start":{"line":63,"column":6},"end":{"line":72,"column":7}},"32":{"start":{"line":64,"column":8},"end":{"line":69,"column":11}},"33":{"start":{"line":65,"column":10},"end":{"line":67,"column":11}},"34":{"start":{"line":66,"column":12},"end":{"line":66,"column":22}},"35":{"start":{"line":68,"column":10},"end":{"line":68,"column":26}},"36":{"start":{"line":71,"column":8},"end":{"line":71,"column":18}},"37":{"start":{"line":75,"column":17},"end":{"line":75,"column":32}},"38":{"start":{"line":76,"column":20},"end":{"line":76,"column":45}},"39":{"start":{"line":77,"column":20},"end":{"line":77,"column":62}},"40":{"start":{"line":78,"column":2},"end":{"line":78,"column":19}},"41":{"start":{"line":81,"column":16},"end":{"line":127,"column":1}},"42":{"start":{"line":82,"column":16},"end":{"line":86,"column":3}},"43":{"start":{"line":87,"column":27},"end":{"line":87,"column":2447}},"44":{"start":{"line":88,"column":16},"end":{"line":92,"column":3}},"45":{"start":{"line":113,"column":24},"end":{"line":113,"column":26}},"46":{"start":{"line":114,"column":2},"end":{"line":116,"column":3}},"47":{"start":{"line":117,"column":2},"end":{"line":121,"column":5}},"48":{"start":{"line":122,"column":2},"end":{"line":122,"column":32}},"49":{"start":{"line":123,"column":18},"end":{"line":123,"column":39}},"50":{"start":{"line":124,"column":15},"end":{"line":124,"column":58}},"51":{"start":{"line":125,"column":2},"end":{"line":125,"column":50}},"52":{"start":{"line":126,"column":2},"end":{"line":126,"column":15}},"53":{"start":{"line":129,"column":0},"end":{"line":133,"column":1}}},"fnMap":{"0":{"name":"(anonymous_0)","decl":{"start":{"line":10,"column":15},"end":{"line":10,"column":16}},"loc":{"start":{"line":10,"column":27},"end":{"line":35,"column":1}},"line":10},"1":{"name":"(anonymous_1)","decl":{"start":{"line":12,"column":18},"end":{"line":12,"column":19}},"loc":{"start":{"line":12,"column":24},"end":{"line":30,"column":3}},"line":12},"2":{"name":"(anonymous_2)","decl":{"start":{"line":13,"column":23},"end":{"line":13,"column":24}},"loc":{"start":{"line":13,"column":44},"end":{"line":29,"column":5}},"line":13},"3":{"name":"(anonymous_3)","decl":{"start":{"line":19,"column":23},"end":{"line":19,"column":24}},"loc":{"start":{"line":19,"column":32},"end":{"line":21,"column":9}},"line":19},"4":{"name":"(anonymous_4)","decl":{"start":{"line":22,"column":22},"end":{"line":22,"column":23}},"loc":{"start":{"line":22,"column":28},"end":{"line":24,"column":9}},"line":22},"5":{"name":"(anonymous_5)","decl":{"start":{"line":37,"column":23},"end":{"line":37,"column":24}},"loc":{"start":{"line":37,"column":35},"end":{"line":79,"column":1}},"line":37},"6":{"name":"(anonymous_6)","decl":{"start":{"line":61,"column":18},"end":{"line":61,"column":19}},"loc":{"start":{"line":61,"column":24},"end":{"line":74,"column":3}},"line":61},"7":{"name":"(anonymous_7)","decl":{"start":{"line":62,"column":23},"end":{"line":62,"column":24}},"loc":{"start":{"line":62,"column":44},"end":{"line":73,"column":5}},"line":62},"8":{"name":"(anonymous_8)","decl":{"start":{"line":64,"column":42},"end":{"line":64,"column":43}},"loc":{"start":{"line":64,"column":59},"end":{"line":69,"column":9}},"line":64},"9":{"name":"(anonymous_9)","decl":{"start":{"line":81,"column":16},"end":{"line":81,"column":17}},"loc":{"start":{"line":81,"column":22},"end":{"line":127,"column":1}},"line":81}},"branchMap":{"0":{"loc":{"start":{"line":65,"column":10},"end":{"line":67,"column":11}},"type":"if","locations":[{"start":{"line":65,"column":10},"end":{"line":67,"column":11}},{"start":{"line":65,"column":10},"end":{"line":67,"column":11}}],"line":65}},"s":{"0":2,"1":2,"2":2,"3":2,"4":2,"5":2,"6":2,"7":1,"8":1,"9":1,"10":1,"11":1,"12":1,"13":1,"14":61,"15":1,"16":1,"17":1,"18":0,"19":1,"20":1,"21":1,"22":1,"23":2,"24":1,"25":1,"26":1,"27":3,"28":1,"29":1,"30":1,"31":1,"32":1,"33":1,"34":0,"35":1,"36":0,"37":1,"38":1,"39":1,"40":1,"41":2,"42":1,"43":1,"44":1,"45":1,"46":1,"47":1,"48":1,"49":1,"50":1,"51":1,"52":1,"53":2},"f":{"0":1,"1":1,"2":1,"3":61,"4":1,"5":1,"6":1,"7":1,"8":1,"9":1},"b":{"0":[0,1]},"_coverageSchema":"43e27e138ebf9cfc5966b082cf9a028302ed4184","hash":"934c238b98418c4288fa35fe0c49199e3c15a847"}
,"/Users/tanakakns/workspace/github/express-supertest/app/usecase/token-uc.js": {"path":"/Users/tanakakns/workspace/github/express-supertest/app/usecase/token-uc.js","statementMap":{"0":{"start":{"line":3,"column":20},"end":{"line":3,"column":53}},"1":{"start":{"line":5,"column":13},"end":{"line":8,"column":1}},"2":{"start":{"line":7,"column":2},"end":{"line":7,"column":63}},"3":{"start":{"line":10,"column":18},"end":{"line":25,"column":1}},"4":{"start":{"line":11,"column":2},"end":{"line":24,"column":3}},"5":{"start":{"line":12,"column":4},"end":{"line":21,"column":5}},"6":{"start":{"line":16,"column":21},"end":{"line":16,"column":83}},"7":{"start":{"line":17,"column":6},"end":{"line":20,"column":7}},"8":{"start":{"line":18,"column":8},"end":{"line":18,"column":34}},"9":{"start":{"line":19,"column":8},"end":{"line":19,"column":15}},"10":{"start":{"line":23,"column":4},"end":{"line":23,"column":20}},"11":{"start":{"line":27,"column":0},"end":{"line":30,"column":2}}},"fnMap":{"0":{"name":"(anonymous_0)","decl":{"start":{"line":5,"column":13},"end":{"line":5,"column":14}},"loc":{"start":{"line":5,"column":31},"end":{"line":8,"column":1}},"line":5},"1":{"name":"(anonymous_1)","decl":{"start":{"line":10,"column":18},"end":{"line":10,"column":19}},"loc":{"start":{"line":10,"column":38},"end":{"line":25,"column":1}},"line":10}},"branchMap":{"0":{"loc":{"start":{"line":12,"column":4},"end":{"line":21,"column":5}},"type":"if","locations":[{"start":{"line":12,"column":4},"end":{"line":21,"column":5}},{"start":{"line":12,"column":4},"end":{"line":21,"column":5}}],"line":12},"1":{"loc":{"start":{"line":13,"column":6},"end":{"line":14,"column":58}},"type":"binary-expr","locations":[{"start":{"line":13,"column":6},"end":{"line":13,"column":31}},{"start":{"line":14,"column":6},"end":{"line":14,"column":58}}],"line":13},"2":{"loc":{"start":{"line":17,"column":6},"end":{"line":20,"column":7}},"type":"if","locations":[{"start":{"line":17,"column":6},"end":{"line":20,"column":7}},{"start":{"line":17,"column":6},"end":{"line":20,"column":7}}],"line":17},"3":{"loc":{"start":{"line":17,"column":10},"end":{"line":17,"column":29}},"type":"binary-expr","locations":[{"start":{"line":17,"column":10},"end":{"line":17,"column":16}},{"start":{"line":17,"column":20},"end":{"line":17,"column":29}}],"line":17}},"s":{"0":1,"1":1,"2":1,"3":1,"4":2,"5":2,"6":2,"7":2,"8":2,"9":2,"10":0,"11":1},"f":{"0":1,"1":2},"b":{"0":[2,0],"1":[2,2],"2":[2,0],"3":[2,2]},"_coverageSchema":"43e27e138ebf9cfc5966b082cf9a028302ed4184","hash":"ccfd16b6f179f86a482a2567f77001a09dd6597e"}
,"/Users/tanakakns/workspace/github/express-supertest/app/usecase/user-uc.js": {"path":"/Users/tanakakns/workspace/github/express-supertest/app/usecase/user-uc.js","statementMap":{"0":{"start":{"line":3,"column":23},"end":{"line":3,"column":85}},"1":{"start":{"line":4,"column":19},"end":{"line":4,"column":39}},"2":{"start":{"line":6,"column":16},"end":{"line":9,"column":1}},"3":{"start":{"line":7,"column":17},"end":{"line":7,"column":45}},"4":{"start":{"line":8,"column":2},"end":{"line":8,"column":16}},"5":{"start":{"line":11,"column":16},"end":{"line":14,"column":1}},"6":{"start":{"line":12,"column":2},"end":{"line":12,"column":40}},"7":{"start":{"line":13,"column":2},"end":{"line":13,"column":32}},"8":{"start":{"line":16,"column":0},"end":{"line":19,"column":2}}},"fnMap":{"0":{"name":"(anonymous_0)","decl":{"start":{"line":6,"column":16},"end":{"line":6,"column":17}},"loc":{"start":{"line":6,"column":28},"end":{"line":9,"column":1}},"line":6},"1":{"name":"(anonymous_1)","decl":{"start":{"line":11,"column":16},"end":{"line":11,"column":17}},"loc":{"start":{"line":11,"column":36},"end":{"line":14,"column":1}},"line":11}},"branchMap":{},"s":{"0":1,"1":1,"2":1,"3":1,"4":1,"5":1,"6":1,"7":1,"8":1},"f":{"0":1,"1":1},"b":{},"_coverageSchema":"43e27e138ebf9cfc5966b082cf9a028302ed4184","hash":"c9bc1c9e3f4c28eb18402ee0418cec1ada6144c4"}
,"/Users/tanakakns/workspace/github/express-supertest/app/usecase/repository/user-repo.js": {"path":"/Users/tanakakns/workspace/github/express-supertest/app/usecase/repository/user-repo.js","statementMap":{"0":{"start":{"line":6,"column":4},"end":{"line":6,"column":39}},"1":{"start":{"line":9,"column":4},"end":{"line":9,"column":39}},"2":{"start":{"line":13,"column":0},"end":{"line":13,"column":32}}},"fnMap":{"0":{"name":"(anonymous_0)","decl":{"start":{"line":4,"column":2},"end":{"line":4,"column":3}},"loc":{"start":{"line":4,"column":16},"end":{"line":4,"column":18}},"line":4},"1":{"name":"(anonymous_1)","decl":{"start":{"line":5,"column":2},"end":{"line":5,"column":3}},"loc":{"start":{"line":5,"column":18},"end":{"line":7,"column":3}},"line":5},"2":{"name":"(anonymous_2)","decl":{"start":{"line":8,"column":2},"end":{"line":8,"column":3}},"loc":{"start":{"line":8,"column":21},"end":{"line":10,"column":3}},"line":8}},"branchMap":{},"s":{"0":0,"1":0,"2":3},"f":{"0":3,"1":0,"2":0},"b":{},"_coverageSchema":"43e27e138ebf9cfc5966b082cf9a028302ed4184","hash":"7833faf077eef09e1e2eea3fd2351578fc7e3a0f"}
}
