{"total": {"lines":{"total":337,"covered":289,"skipped":0,"pct":85.76},"statements":{"total":337,"covered":289,"skipped":0,"pct":85.76},"functions":{"total":60,"covered":49,"skipped":0,"pct":81.67},"branches":{"total":66,"covered":45,"skipped":0,"pct":68.18}}
,"/Users/tanakakns/workspace/github.com/pepese/express-supertest/app/config.js": {"lines":{"total":8,"covered":8,"skipped":0,"pct":100},"functions":{"total":0,"covered":0,"skipped":0,"pct":100},"statements":{"total":8,"covered":8,"skipped":0,"pct":100},"branches":{"total":14,"covered":14,"skipped":0,"pct":100}}
,"/Users/tanakakns/workspace/github.com/pepese/express-supertest/app/context.js": {"lines":{"total":20,"covered":18,"skipped":0,"pct":90},"functions":{"total":5,"covered":5,"skipped":0,"pct":100},"statements":{"total":20,"covered":18,"skipped":0,"pct":90},"branches":{"total":4,"covered":2,"skipped":0,"pct":50}}
,"/Users/tanakakns/workspace/github.com/pepese/express-supertest/app/error.js": {"lines":{"total":6,"covered":6,"skipped":0,"pct":100},"functions":{"total":1,"covered":1,"skipped":0,"pct":100},"statements":{"total":6,"covered":6,"skipped":0,"pct":100},"branches":{"total":3,"covered":3,"skipped":0,"pct":100}}
,"/Users/tanakakns/workspace/github.com/pepese/express-supertest/app/logger.js": {"lines":{"total":39,"covered":28,"skipped":0,"pct":71.79},"functions":{"total":8,"covered":3,"skipped":0,"pct":37.5},"statements":{"total":39,"covered":28,"skipped":0,"pct":71.79},"branches":{"total":6,"covered":4,"skipped":0,"pct":66.67}}
,"/Users/tanakakns/workspace/github.com/pepese/express-supertest/app/domain/token-domain.js": {"lines":{"total":18,"covered":14,"skipped":0,"pct":77.78},"functions":{"total":5,"covered":4,"skipped":0,"pct":80},"statements":{"total":18,"covered":14,"skipped":0,"pct":77.78},"branches":{"total":4,"covered":2,"skipped":0,"pct":50}}
,"/Users/tanakakns/workspace/github.com/pepese/express-supertest/app/infrastructure/datastore/dynamodb/dynamodb.js": {"lines":{"total":6,"covered":6,"skipped":0,"pct":100},"functions":{"total":0,"covered":0,"skipped":0,"pct":100},"statements":{"total":6,"covered":6,"skipped":0,"pct":100},"branches":{"total":0,"covered":0,"skipped":0,"pct":100}}
,"/Users/tanakakns/workspace/github.com/pepese/express-supertest/app/infrastructure/datastore/dynamodb/user-repo-impl.js": {"lines":{"total":38,"covered":26,"skipped":0,"pct":68.42},"functions":{"total":4,"covered":4,"skipped":0,"pct":100},"statements":{"total":38,"covered":26,"skipped":0,"pct":68.42},"branches":{"total":11,"covered":5,"skipped":0,"pct":45.45}}
,"/Users/tanakakns/workspace/github.com/pepese/express-supertest/app/infrastructure/datastore/mongodb/mongodb.js": {"lines":{"total":3,"covered":3,"skipped":0,"pct":100},"functions":{"total":0,"covered":0,"skipped":0,"pct":100},"statements":{"total":3,"covered":3,"skipped":0,"pct":100},"branches":{"total":0,"covered":0,"skipped":0,"pct":100}}
,"/Users/tanakakns/workspace/github.com/pepese/express-supertest/app/infrastructure/datastore/mongodb/user-repo-impl.js": {"lines":{"total":25,"covered":17,"skipped":0,"pct":68},"functions":{"total":3,"covered":3,"skipped":0,"pct":100},"statements":{"total":25,"covered":17,"skipped":0,"pct":68},"branches":{"total":4,"covered":0,"skipped":0,"pct":0}}
,"/Users/tanakakns/workspace/github.com/pepese/express-supertest/app/infrastructure/server/express.js": {"lines":{"total":25,"covered":21,"skipped":0,"pct":84},"functions":{"total":2,"covered":1,"skipped":0,"pct":50},"statements":{"total":25,"covered":21,"skipped":0,"pct":84},"branches":{"total":2,"covered":1,"skipped":0,"pct":50}}
,"/Users/tanakakns/workspace/github.com/pepese/express-supertest/app/interface/interceptor.js": {"lines":{"total":23,"covered":23,"skipped":0,"pct":100},"functions":{"total":5,"covered":5,"skipped":0,"pct":100},"statements":{"total":23,"covered":23,"skipped":0,"pct":100},"branches":{"total":6,"covered":4,"skipped":0,"pct":66.67}}
,"/Users/tanakakns/workspace/github.com/pepese/express-supertest/app/interface/router.js": {"lines":{"total":47,"covered":42,"skipped":0,"pct":89.36},"functions":{"total":12,"covered":8,"skipped":0,"pct":66.67},"statements":{"total":47,"covered":42,"skipped":0,"pct":89.36},"branches":{"total":4,"covered":4,"skipped":0,"pct":100}}
,"/Users/tanakakns/workspace/github.com/pepese/express-supertest/app/usecase/echo-uc.js": {"lines":{"total":5,"covered":5,"skipped":0,"pct":100},"functions":{"total":1,"covered":1,"skipped":0,"pct":100},"statements":{"total":5,"covered":5,"skipped":0,"pct":100},"branches":{"total":0,"covered":0,"skipped":0,"pct":100}}
,"/Users/tanakakns/workspace/github.com/pepese/express-supertest/app/usecase/token-uc.js": {"lines":{"total":14,"covered":13,"skipped":0,"pct":92.86},"functions":{"total":2,"covered":2,"skipped":0,"pct":100},"statements":{"total":14,"covered":13,"skipped":0,"pct":92.86},"branches":{"total":8,"covered":6,"skipped":0,"pct":75}}
,"/Users/tanakakns/workspace/github.com/pepese/express-supertest/app/usecase/user-uc.js": {"lines":{"total":9,"covered":9,"skipped":0,"pct":100},"functions":{"total":2,"covered":2,"skipped":0,"pct":100},"statements":{"total":9,"covered":9,"skipped":0,"pct":100},"branches":{"total":0,"covered":0,"skipped":0,"pct":100}}
,"/Users/tanakakns/workspace/github.com/pepese/express-supertest/app/usecase/view-uc.js": {"lines":{"total":45,"covered":44,"skipped":0,"pct":97.78},"functions":{"total":6,"covered":6,"skipped":0,"pct":100},"statements":{"total":45,"covered":44,"skipped":0,"pct":97.78},"branches":{"total":0,"covered":0,"skipped":0,"pct":100}}
,"/Users/tanakakns/workspace/github.com/pepese/express-supertest/app/usecase/repository/user-repo.js": {"lines":{"total":4,"covered":4,"skipped":0,"pct":100},"functions":{"total":4,"covered":4,"skipped":0,"pct":100},"statements":{"total":4,"covered":4,"skipped":0,"pct":100},"branches":{"total":0,"covered":0,"skipped":0,"pct":100}}
,"/Users/tanakakns/workspace/github.com/pepese/express-supertest/json-schema/user-schema.js": {"lines":{"total":2,"covered":2,"skipped":0,"pct":100},"functions":{"total":0,"covered":0,"skipped":0,"pct":100},"statements":{"total":2,"covered":2,"skipped":0,"pct":100},"branches":{"total":0,"covered":0,"skipped":0,"pct":100}}
}
