TN:
SF:/Users/tanakakns/workspace/github/express-supertest/app/config.js
FNF:0
FNH:0
DA:3,4
DA:5,4
DA:6,4
DA:7,4
DA:8,4
DA:10,4
DA:11,4
LF:7
LH:7
BRDA:5,0,0,4
BRDA:5,0,1,4
BRDA:6,1,0,4
BRDA:6,1,1,4
BRDA:7,2,0,4
BRDA:7,2,1,4
BRDA:9,3,0,4
BRDA:9,3,1,4
BRDA:10,4,0,4
BRDA:10,4,1,4
BRDA:11,5,0,4
BRDA:11,5,1,4
BRF:12
BRH:12
end_of_record
TN:
SF:/Users/tanakakns/workspace/github/express-supertest/app/error.js
FN:4,(anonymous_0)
FNF:1
FNH:1
FNDA:3,(anonymous_0)
DA:5,3
DA:6,3
DA:7,3
DA:8,1
DA:13,1
DA:31,1
LF:6
LH:6
BRDA:4,0,0,2
BRDA:7,1,0,1
BRDA:7,1,1,2
BRF:3
BRH:3
end_of_record
TN:
SF:/Users/tanakakns/workspace/github/express-supertest/app/logger.js
FN:22,(anonymous_0)
FN:45,(anonymous_1)
FN:49,(anonymous_2)
FN:53,(anonymous_3)
FN:57,(anonymous_4)
FN:61,(anonymous_5)
FN:65,(anonymous_6)
FN:69,(anonymous_7)
FNF:8
FNH:2
FNDA:4,(anonymous_0)
FNDA:0,(anonymous_1)
FNDA:0,(anonymous_2)
FNDA:0,(anonymous_3)
FNDA:0,(anonymous_4)
FNDA:4,(anonymous_5)
FNDA:0,(anonymous_6)
FNDA:0,(anonymous_7)
DA:3,4
DA:4,4
DA:6,4
DA:22,4
DA:23,4
DA:24,4
DA:25,4
DA:26,4
DA:27,2
DA:28,2
DA:29,6
DA:30,6
DA:31,6
DA:34,2
DA:35,2
DA:36,2
DA:38,2
DA:41,0
DA:45,4
DA:46,0
DA:47,0
DA:49,4
DA:50,0
DA:51,0
DA:53,4
DA:54,0
DA:55,0
DA:57,4
DA:58,0
DA:59,0
DA:61,4
DA:62,4
DA:63,4
DA:65,4
DA:66,0
DA:67,0
DA:69,4
DA:70,0
DA:71,0
LF:39
LH:26
BRDA:24,0,0,4
BRDA:24,0,1,0
BRDA:26,1,0,2
BRDA:26,1,1,2
BRDA:30,2,0,6
BRDA:30,2,1,0
BRF:6
BRH:4
end_of_record
TN:
SF:/Users/tanakakns/workspace/github/express-supertest/app/domain/token-domain.js
FN:8,(anonymous_0)
FN:9,(anonymous_1)
FN:13,(anonymous_2)
FN:20,(anonymous_3)
FN:23,(anonymous_4)
FNF:5
FNH:4
FNDA:0,(anonymous_0)
FNDA:2,(anonymous_1)
FNDA:3,(anonymous_2)
FNDA:1,(anonymous_3)
FNDA:2,(anonymous_4)
DA:3,3
DA:4,3
DA:5,3
DA:10,2
DA:11,2
DA:14,3
DA:15,3
DA:17,0
DA:21,1
DA:24,2
DA:25,2
DA:27,0
DA:32,3
LF:13
LH:11
BRF:0
BRH:0
end_of_record
TN:
SF:/Users/tanakakns/workspace/github/express-supertest/app/infrastructure/datastore/dynamodb/dynamodb.js
FNF:0
FNH:0
DA:3,3
DA:4,3
DA:5,3
DA:9,3
DA:10,3
DA:12,3
LF:6
LH:6
BRF:0
BRH:0
end_of_record
TN:
SF:/Users/tanakakns/workspace/github/express-supertest/app/infrastructure/datastore/dynamodb/user-repo-impl.js
FN:8,(anonymous_0)
FN:14,(anonymous_1)
FN:18,(anonymous_2)
FN:22,(anonymous_3)
FN:42,(anonymous_4)
FN:58,(anonymous_5)
FNF:6
FNH:5
FNDA:3,(anonymous_0)
FNDA:1,(anonymous_1)
FNDA:0,(anonymous_2)
FNDA:4,(anonymous_3)
FNDA:3,(anonymous_4)
FNDA:1,(anonymous_5)
DA:3,3
DA:4,3
DA:5,3
DA:9,3
DA:10,3
DA:11,3
DA:12,3
DA:15,1
DA:16,1
DA:19,0
DA:23,4
DA:29,4
DA:30,4
DA:31,4
DA:32,4
DA:33,3
DA:34,3
DA:36,4
DA:38,0
DA:43,3
DA:50,3
DA:51,3
DA:52,3
DA:54,0
DA:59,1
DA:68,1
DA:69,1
DA:70,1
DA:72,0
DA:77,3
LF:30
LH:26
BRDA:32,0,0,3
BRDA:32,0,1,1
BRDA:32,1,0,4
BRDA:32,1,1,4
BRDA:32,1,2,3
BRF:5
BRH:5
end_of_record
TN:
SF:/Users/tanakakns/workspace/github/express-supertest/app/infrastructure/datastore/local/context-repo-impl.js
FN:8,(anonymous_0)
FN:12,(anonymous_1)
FNF:2
FNH:2
FNDA:8,(anonymous_0)
FNDA:9,(anonymous_1)
DA:3,4
DA:4,4
DA:9,8
DA:13,9
DA:17,4
LF:5
LH:5
BRF:0
BRH:0
end_of_record
TN:
SF:/Users/tanakakns/workspace/github/express-supertest/app/infrastructure/datastore/mongodb/mongodb.js
FNF:0
FNH:0
DA:3,1
DA:5,1
DA:9,1
LF:3
LH:3
BRF:0
BRH:0
end_of_record
TN:
SF:/Users/tanakakns/workspace/github/express-supertest/app/infrastructure/datastore/mongodb/user-repo-impl.js
FN:16,(anonymous_0)
FN:21,(anonymous_1)
FN:32,(anonymous_2)
FNF:3
FNH:3
FNDA:1,(anonymous_0)
FNDA:2,(anonymous_1)
FNDA:1,(anonymous_2)
DA:3,1
DA:4,1
DA:5,1
DA:6,1
DA:7,1
DA:8,1
DA:12,1
DA:13,1
DA:17,1
DA:22,2
DA:23,2
DA:24,2
DA:26,0
DA:27,0
DA:33,1
DA:34,1
DA:35,1
DA:37,0
DA:38,0
DA:43,1
LF:20
LH:16
BRF:0
BRH:0
end_of_record
TN:
SF:/Users/tanakakns/workspace/github/express-supertest/app/infrastructure/server/express.js
FN:14,(anonymous_0)
FN:31,(anonymous_1)
FN:39,(anonymous_2)
FNF:3
FNH:1
FNDA:4,(anonymous_0)
FNDA:0,(anonymous_1)
FNDA:0,(anonymous_2)
DA:3,2
DA:4,2
DA:5,2
DA:6,2
DA:7,2
DA:8,2
DA:9,2
DA:11,2
DA:12,2
DA:14,2
DA:16,4
DA:17,4
DA:19,4
DA:20,4
DA:21,4
DA:23,4
DA:24,4
DA:26,2
DA:27,2
DA:28,2
DA:29,2
DA:31,2
DA:32,0
DA:33,0
DA:39,2
DA:40,0
DA:45,2
DA:47,2
LF:28
LH:25
BRF:0
BRH:0
end_of_record
TN:
SF:/Users/tanakakns/workspace/github/express-supertest/app/interface/interceptor.js
FN:9,(anonymous_0)
FN:10,(anonymous_1)
FN:13,(anonymous_2)
FNF:3
FNH:3
FNDA:1,(anonymous_0)
FNDA:1,(anonymous_1)
FNDA:1,(anonymous_2)
DA:3,2
DA:4,2
DA:5,2
DA:6,2
DA:10,1
DA:11,1
DA:13,1
DA:14,1
DA:15,1
DA:18,1
DA:22,2
LF:11
LH:11
BRF:0
BRH:0
end_of_record
TN:
SF:/Users/tanakakns/workspace/github/express-supertest/app/interface/router.js
FN:21,(anonymous_0)
FN:26,(anonymous_1)
FN:31,(anonymous_2)
FN:34,(anonymous_3)
FN:40,(anonymous_4)
FN:44,(anonymous_5)
FN:47,(anonymous_6)
FN:53,(anonymous_7)
FN:58,(anonymous_8)
FN:61,(anonymous_9)
FN:66,(anonymous_10)
FNF:11
FNH:7
FNDA:1,(anonymous_0)
FNDA:1,(anonymous_1)
FNDA:1,(anonymous_2)
FNDA:0,(anonymous_3)
FNDA:1,(anonymous_4)
FNDA:1,(anonymous_5)
FNDA:0,(anonymous_6)
FNDA:1,(anonymous_7)
FNDA:1,(anonymous_8)
FNDA:0,(anonymous_9)
FNDA:0,(anonymous_10)
DA:3,2
DA:4,2
DA:5,2
DA:6,2
DA:7,2
DA:8,2
DA:9,2
DA:15,2
DA:21,2
DA:22,1
DA:23,1
DA:26,2
DA:27,1
DA:28,1
DA:30,1
DA:32,1
DA:35,0
DA:39,2
DA:40,2
DA:41,1
DA:42,1
DA:43,1
DA:45,1
DA:48,0
DA:52,2
DA:53,2
DA:54,1
DA:55,1
DA:56,1
DA:57,1
DA:59,1
DA:62,0
DA:66,2
DA:67,0
DA:68,0
DA:71,2
DA:75,2
LF:37
LH:32
BRF:0
BRH:0
end_of_record
TN:
SF:/Users/tanakakns/workspace/github/express-supertest/app/interface/json-schema/user-schema.js
FNF:0
FNH:0
DA:1,1
DA:20,1
LF:2
LH:2
BRF:0
BRH:0
end_of_record
TN:
SF:/Users/tanakakns/workspace/github/express-supertest/app/usecase/echo-uc.js
FN:7,(anonymous_0)
FNF:1
FNH:1
FNDA:1,(anonymous_0)
DA:3,2
DA:4,2
DA:8,1
DA:9,1
DA:10,1
DA:17,2
LF:6
LH:6
BRF:0
BRH:0
end_of_record
TN:
SF:/Users/tanakakns/workspace/github/express-supertest/app/usecase/pdf-uc.js
FN:9,(anonymous_0)
FN:11,(anonymous_1)
FN:12,(anonymous_2)
FN:16,(anonymous_3)
FN:19,(anonymous_4)
FN:34,(anonymous_5)
FN:54,(anonymous_6)
FN:55,(anonymous_7)
FN:57,(anonymous_8)
FN:74,(anonymous_9)
FNF:10
FNH:10
FNDA:1,(anonymous_0)
FNDA:1,(anonymous_1)
FNDA:1,(anonymous_2)
FNDA:61,(anonymous_3)
FNDA:1,(anonymous_4)
FNDA:1,(anonymous_5)
FNDA:1,(anonymous_6)
FNDA:1,(anonymous_7)
FNDA:1,(anonymous_8)
FNDA:1,(anonymous_9)
DA:3,3
DA:4,3
DA:5,3
DA:6,3
DA:7,3
DA:9,3
DA:10,1
DA:11,1
DA:12,1
DA:13,1
DA:14,1
DA:15,1
DA:16,1
DA:17,61
DA:19,1
DA:20,1
DA:22,1
DA:24,0
DA:28,1
DA:29,1
DA:30,1
DA:31,1
DA:34,3
DA:35,1
DA:36,1
DA:37,1
DA:38,3
DA:40,1
DA:54,1
DA:55,1
DA:56,1
DA:57,1
DA:58,1
DA:59,0
DA:61,1
DA:64,0
DA:68,1
DA:69,1
DA:70,1
DA:71,1
DA:74,3
DA:75,1
DA:81,1
DA:82,1
DA:103,1
DA:104,1
DA:107,1
DA:112,1
DA:113,1
DA:114,1
DA:115,1
DA:116,1
DA:119,3
LF:53
LH:50
BRDA:58,0,0,0
BRDA:58,0,1,1
BRF:2
BRH:1
end_of_record
TN:
SF:/Users/tanakakns/workspace/github/express-supertest/app/usecase/token-uc.js
FN:6,(anonymous_0)
FN:11,(anonymous_1)
FNF:2
FNH:2
FNDA:1,(anonymous_0)
FNDA:2,(anonymous_1)
DA:3,2
DA:4,2
DA:6,2
DA:8,1
DA:11,2
DA:12,2
DA:13,2
DA:17,2
DA:20,2
DA:21,2
DA:22,2
DA:23,2
DA:27,0
DA:31,2
LF:14
LH:13
BRDA:13,0,0,2
BRDA:13,0,1,0
BRDA:14,1,0,2
BRDA:14,1,1,2
BRDA:20,2,0,2
BRDA:20,2,1,0
BRDA:20,3,0,2
BRDA:20,3,1,2
BRF:8
BRH:6
end_of_record
TN:
SF:/Users/tanakakns/workspace/github/express-supertest/app/usecase/user-uc.js
FN:6,(anonymous_0)
FN:11,(anonymous_1)
FNF:2
FNH:2
FNDA:1,(anonymous_0)
FNDA:1,(anonymous_1)
DA:3,2
DA:4,2
DA:6,2
DA:7,1
DA:8,1
DA:11,2
DA:12,1
DA:13,1
DA:16,2
LF:9
LH:9
BRF:0
BRH:0
end_of_record
TN:
SF:/Users/tanakakns/workspace/github/express-supertest/app/usecase/repository/context-repo.js
FN:4,(anonymous_0)
FN:5,(anonymous_1)
FN:8,(anonymous_2)
FNF:3
FNH:0
FNDA:0,(anonymous_0)
FNDA:0,(anonymous_1)
FNDA:0,(anonymous_2)
DA:6,0
DA:9,0
DA:13,4
LF:3
LH:1
BRF:0
BRH:0
end_of_record
TN:
SF:/Users/tanakakns/workspace/github/express-supertest/app/usecase/repository/user-repo.js
FN:4,(anonymous_0)
FN:5,(anonymous_1)
FN:8,(anonymous_2)
FN:11,(anonymous_3)
FNF:4
FNH:1
FNDA:4,(anonymous_0)
FNDA:0,(anonymous_1)
FNDA:0,(anonymous_2)
FNDA:0,(anonymous_3)
DA:6,0
DA:9,0
DA:12,0
DA:16,4
LF:4
LH:1
BRF:0
BRH:0
end_of_record
