TN:
SF:/Users/tanakakns/workspace/github/express-supertest/app/config.js
FNF:0
FNH:0
DA:3,2
DA:4,2
LF:2
LH:2
BRDA:3,0,0,2
BRDA:3,0,1,2
BRDA:4,1,0,2
BRDA:4,1,1,2
BRF:4
BRH:4
end_of_record
TN:
SF:/Users/tanakakns/workspace/github/express-supertest/app/logger.js
FN:14,(anonymous_0)
FN:23,(anonymous_1)
FN:26,(anonymous_2)
FN:29,(anonymous_3)
FN:32,(anonymous_4)
FN:35,(anonymous_5)
FN:38,(anonymous_6)
FN:41,(anonymous_7)
FNF:8
FNH:3
FNDA:4,(anonymous_0)
FNDA:3,(anonymous_1)
FNDA:1,(anonymous_2)
FNDA:0,(anonymous_3)
FNDA:0,(anonymous_4)
FNDA:0,(anonymous_5)
FNDA:0,(anonymous_6)
FNDA:0,(anonymous_7)
DA:3,2
DA:4,2
DA:6,2
DA:14,2
DA:15,4
DA:16,4
DA:17,1
DA:19,3
DA:22,2
DA:24,3
DA:27,1
DA:30,0
DA:33,0
DA:36,0
DA:39,0
DA:42,0
DA:46,2
LF:17
LH:12
BRDA:16,0,0,1
BRDA:16,0,1,3
BRDA:23,1,0,3
BRF:3
BRH:3
end_of_record
TN:
SF:/Users/tanakakns/workspace/github/express-supertest/app/domain/token-domain.js
FN:8,(anonymous_0)
FN:9,(anonymous_1)
FN:13,(anonymous_2)
FN:20,(anonymous_3)
FN:23,(anonymous_4)
FNF:5
FNH:4
FNDA:0,(anonymous_0)
FNDA:2,(anonymous_1)
FNDA:3,(anonymous_2)
FNDA:1,(anonymous_3)
FNDA:2,(anonymous_4)
DA:3,2
DA:4,2
DA:5,2
DA:10,2
DA:11,2
DA:14,3
DA:15,3
DA:17,0
DA:21,1
DA:24,2
DA:25,2
DA:27,0
DA:32,2
LF:13
LH:11
BRF:0
BRH:0
end_of_record
TN:
SF:/Users/tanakakns/workspace/github/express-supertest/app/infrastructure/datastore/dynamodb/user-repo-impl.js
FN:14,(anonymous_0)
FN:19,(anonymous_1)
FN:41,(anonymous_2)
FN:45,(anonymous_3)
FN:65,(anonymous_4)
FNF:5
FNH:4
FNDA:2,(anonymous_0)
FNDA:1,(anonymous_1)
FNDA:0,(anonymous_2)
FNDA:4,(anonymous_3)
FNDA:3,(anonymous_4)
DA:3,2
DA:4,2
DA:10,2
DA:11,2
DA:15,2
DA:16,2
DA:17,2
DA:20,1
DA:39,1
DA:42,0
DA:46,4
DA:52,4
DA:53,4
DA:54,4
DA:55,4
DA:56,3
DA:57,3
DA:59,4
DA:61,0
DA:66,3
DA:73,3
DA:74,3
DA:75,3
DA:77,0
DA:82,2
LF:25
LH:22
BRDA:55,0,0,3
BRDA:55,0,1,1
BRDA:55,1,0,4
BRDA:55,1,1,4
BRDA:55,1,2,3
BRF:5
BRH:5
end_of_record
TN:
SF:/Users/tanakakns/workspace/github/express-supertest/app/infrastructure/datastore/mongodb/mongodb.js
FNF:0
FNH:0
DA:3,1
DA:4,1
DA:7,1
DA:11,1
DA:13,1
LF:5
LH:5
BRF:0
BRH:0
end_of_record
TN:
SF:/Users/tanakakns/workspace/github/express-supertest/app/infrastructure/datastore/mongodb/user-repo-impl.js
FN:9,(anonymous_0)
FN:15,(anonymous_1)
FN:19,(anonymous_2)
FN:31,(anonymous_3)
FN:35,(anonymous_4)
FNF:5
FNH:5
FNDA:1,(anonymous_0)
FNDA:2,(anonymous_1)
FNDA:2,(anonymous_2)
FNDA:1,(anonymous_3)
FNDA:1,(anonymous_4)
DA:3,1
DA:4,1
DA:5,1
DA:6,1
DA:10,1
DA:11,1
DA:16,2
DA:19,2
DA:20,2
DA:21,2
DA:22,1
DA:24,1
DA:25,1
DA:32,1
DA:35,1
DA:36,1
DA:37,1
DA:38,1
DA:40,0
DA:41,0
DA:47,1
LF:21
LH:19
BRF:0
BRH:0
end_of_record
TN:
SF:/Users/tanakakns/workspace/github/express-supertest/app/infrastructure/server/express.js
FN:13,(anonymous_0)
FN:23,(anonymous_1)
FN:28,(anonymous_2)
FNF:3
FNH:1
FNDA:3,(anonymous_0)
FNDA:0,(anonymous_1)
FNDA:0,(anonymous_2)
DA:3,1
DA:4,1
DA:5,1
DA:6,1
DA:7,1
DA:8,1
DA:9,1
DA:11,1
DA:12,1
DA:13,1
DA:14,3
DA:15,3
DA:17,1
DA:18,1
DA:19,1
DA:20,1
DA:21,1
DA:23,1
DA:24,0
DA:25,0
DA:28,1
DA:29,0
DA:31,1
DA:33,1
LF:24
LH:21
BRF:0
BRH:0
end_of_record
TN:
SF:/Users/tanakakns/workspace/github/express-supertest/app/interface/router.js
FN:9,(anonymous_0)
FN:14,(anonymous_1)
FN:17,(anonymous_2)
FN:23,(anonymous_3)
FN:27,(anonymous_4)
FN:30,(anonymous_5)
FN:36,(anonymous_6)
FN:41,(anonymous_7)
FN:44,(anonymous_8)
FN:49,(anonymous_9)
FNF:10
FNH:6
FNDA:1,(anonymous_0)
FNDA:1,(anonymous_1)
FNDA:0,(anonymous_2)
FNDA:1,(anonymous_3)
FNDA:1,(anonymous_4)
FNDA:0,(anonymous_5)
FNDA:1,(anonymous_6)
FNDA:1,(anonymous_7)
FNDA:0,(anonymous_8)
FNDA:0,(anonymous_9)
DA:3,1
DA:4,1
DA:5,1
DA:6,1
DA:7,1
DA:9,1
DA:10,1
DA:11,1
DA:13,1
DA:15,1
DA:18,0
DA:22,1
DA:23,1
DA:24,1
DA:25,1
DA:26,1
DA:28,1
DA:31,0
DA:35,1
DA:36,1
DA:37,1
DA:38,1
DA:39,1
DA:40,1
DA:42,1
DA:45,0
DA:49,1
DA:50,0
DA:51,0
DA:54,1
DA:58,1
LF:31
LH:26
BRF:0
BRH:0
end_of_record
TN:
SF:/Users/tanakakns/workspace/github/express-supertest/app/interface/json-schema/user-schema.js
FNF:0
FNH:0
DA:1,1
DA:20,1
LF:2
LH:2
BRF:0
BRH:0
end_of_record
TN:
SF:/Users/tanakakns/workspace/github/express-supertest/app/usecase/pdf-uc.js
FN:10,(anonymous_0)
FN:12,(anonymous_1)
FN:13,(anonymous_2)
FN:19,(anonymous_3)
FN:22,(anonymous_4)
FN:37,(anonymous_5)
FN:61,(anonymous_6)
FN:62,(anonymous_7)
FN:64,(anonymous_8)
FN:81,(anonymous_9)
FNF:10
FNH:10
FNDA:1,(anonymous_0)
FNDA:1,(anonymous_1)
FNDA:1,(anonymous_2)
FNDA:61,(anonymous_3)
FNDA:1,(anonymous_4)
FNDA:1,(anonymous_5)
FNDA:1,(anonymous_6)
FNDA:1,(anonymous_7)
FNDA:1,(anonymous_8)
FNDA:1,(anonymous_9)
DA:3,2
DA:4,2
DA:5,2
DA:6,2
DA:7,2
DA:8,2
DA:10,2
DA:11,1
DA:12,1
DA:13,1
DA:14,1
DA:15,1
DA:16,1
DA:19,1
DA:20,61
DA:22,1
DA:23,1
DA:25,1
DA:27,0
DA:31,1
DA:32,1
DA:33,1
DA:34,1
DA:37,2
DA:38,1
DA:43,1
DA:44,1
DA:45,3
DA:47,1
DA:61,1
DA:62,1
DA:63,1
DA:64,1
DA:65,1
DA:66,0
DA:68,1
DA:71,0
DA:75,1
DA:76,1
DA:77,1
DA:78,1
DA:81,2
DA:82,1
DA:87,1
DA:88,1
DA:113,1
DA:114,1
DA:117,1
DA:122,1
DA:123,1
DA:124,1
DA:125,1
DA:126,1
DA:129,2
LF:54
LH:51
BRDA:65,0,0,0
BRDA:65,0,1,1
BRF:2
BRH:1
end_of_record
TN:
SF:/Users/tanakakns/workspace/github/express-supertest/app/usecase/token-uc.js
FN:5,(anonymous_0)
FN:10,(anonymous_1)
FNF:2
FNH:2
FNDA:1,(anonymous_0)
FNDA:2,(anonymous_1)
DA:3,1
DA:5,1
DA:7,1
DA:10,1
DA:11,2
DA:12,2
DA:16,2
DA:17,2
DA:18,2
DA:19,2
DA:23,0
DA:27,1
LF:12
LH:11
BRDA:12,0,0,2
BRDA:12,0,1,0
BRDA:13,1,0,2
BRDA:13,1,1,2
BRDA:17,2,0,2
BRDA:17,2,1,0
BRDA:17,3,0,2
BRDA:17,3,1,2
BRF:8
BRH:6
end_of_record
TN:
SF:/Users/tanakakns/workspace/github/express-supertest/app/usecase/user-uc.js
FN:6,(anonymous_0)
FN:11,(anonymous_1)
FNF:2
FNH:2
FNDA:1,(anonymous_0)
FNDA:1,(anonymous_1)
DA:3,1
DA:4,1
DA:6,1
DA:7,1
DA:8,1
DA:11,1
DA:12,1
DA:13,1
DA:16,1
LF:9
LH:9
BRF:0
BRH:0
end_of_record
TN:
SF:/Users/tanakakns/workspace/github/express-supertest/app/usecase/repository/user-repo.js
FN:4,(anonymous_0)
FN:5,(anonymous_1)
FN:8,(anonymous_2)
FNF:3
FNH:1
FNDA:3,(anonymous_0)
FNDA:0,(anonymous_1)
FNDA:0,(anonymous_2)
DA:6,0
DA:9,0
DA:13,3
LF:3
LH:1
BRF:0
BRH:0
end_of_record
